#
# There is insufficient memory for the Java Runtime Environment to continue.
# Native memory allocation (mmap) failed to map 65536 bytes for committing reserved memory.
# Possible reasons:
#   The system is out of physical RAM or swap space
#   In 32 bit mode, the process size limit was hit
# Possible solutions:
#   Reduce memory load on the system
#   Increase physical memory or swap space
#   Check if swap backing store is full
#   Use 64 bit Java on a 64 bit OS
#   Decrease Java heap size (-Xmx/-Xms)
#   Decrease number of Java threads
#   Decrease Java thread stack sizes (-Xss)
#   Set larger code cache with -XX:ReservedCodeCacheSize=
# This output file may be truncated or incomplete.
#
#  Out of Memory Error (os_linux.cpp:2643), pid=16047, tid=0x00007fb03d2e9700
#
# JRE version: OpenJDK Runtime Environment (8.0_162-b12) (build 1.8.0_162-8u162-b12-0ubuntu0.16.04.2-b12)
# Java VM: OpenJDK 64-Bit Server VM (25.162-b12 mixed mode linux-amd64 compressed oops)
# Failed to write core dump. Core dumps have been disabled. To enable core dumping, try "ulimit -c unlimited" before starting Java again
#

---------------  T H R E A D  ---------------

Current thread (0x00007fb0500aa000):  JavaThread "C2 CompilerThread0" daemon [_thread_in_vm, id=16056, stack(0x00007fb03d1e9000,0x00007fb03d2ea000)]

Stack: [0x00007fb03d1e9000,0x00007fb03d2ea000],  sp=0x00007fb03d2e6d90,  free space=1015k
Native frames: (J=compiled Java code, j=interpreted, Vv=VM code, C=native code)
V  [libjvm.so+0xa6d16b]
V  [libjvm.so+0x4c698c]
V  [libjvm.so+0x8b9e18]
V  [libjvm.so+0x8b41ae]
V  [libjvm.so+0xa69a54]
V  [libjvm.so+0x5e84fd]
V  [libjvm.so+0x447f36]
V  [libjvm.so+0x8897c8]
V  [libjvm.so+0x3dfacf]
V  [libjvm.so+0x46b8fd]
V  [libjvm.so+0x3ba1f1]
V  [libjvm.so+0x4768cb]
V  [libjvm.so+0x478707]
V  [libjvm.so+0xa117f7]
V  [libjvm.so+0xa11cbc]
V  [libjvm.so+0x8b7222]
C  [libpthread.so.0+0x76ba]  start_thread+0xca


Current CompileTask:
C2: 240588 1277   !   4       java.util.zip.Inflater::inflate (113 bytes)


---------------  P R O C E S S  ---------------

Java Threads: ( => current thread )
  0x00007fb0500b0000 JavaThread "Service Thread" daemon [_thread_blocked, id=16058, stack(0x00007fb03cfe7000,0x00007fb03d0e8000)]
  0x00007fb0500ad000 JavaThread "C1 CompilerThread1" daemon [_thread_blocked, id=16057, stack(0x00007fb03d0e8000,0x00007fb03d1e9000)]
=>0x00007fb0500aa000 JavaThread "C2 CompilerThread0" daemon [_thread_in_vm, id=16056, stack(0x00007fb03d1e9000,0x00007fb03d2ea000)]
  0x00007fb0500a8000 JavaThread "Signal Dispatcher" daemon [_thread_blocked, id=16055, stack(0x00007fb03d2ea000,0x00007fb03d3eb000)]
  0x00007fb050080800 JavaThread "Finalizer" daemon [_thread_blocked, id=16054, stack(0x00007fb03ddaa000,0x00007fb03deab000)]
  0x00007fb05007c000 JavaThread "Reference Handler" daemon [_thread_blocked, id=16053, stack(0x00007fb03deab000,0x00007fb03dfac000)]
  0x00007fb05000b000 JavaThread "main" [_thread_blocked, id=16049, stack(0x00007fb0571c5000,0x00007fb0572c6000)]

Other Threads:
  0x00007fb050074000 VMThread [stack: 0x00007fb03dfac000,0x00007fb03e0ad000] [id=16052]
  0x00007fb0500b7000 WatcherThread [stack: 0x00007fb03cee6000,0x00007fb03cfe7000] [id=16059]

VM state:not at safepoint (normal execution)

VM Mutex/Monitor currently owned by a thread:  ([mutex/lock_event])
[0x00007fb0500065d0] CodeCache_lock - owner thread: 0x00007fb0500aa000
[0x00007fb050007c50] Compile_lock - owner thread: 0x00007fb0500aa000
[0x00007fb050007d50] MethodCompileQueue_lock - owner thread: 0x00007fb0500aa000

Heap:
 PSYoungGen      total 37376K, used 9637K [0x00000000f5b80000, 0x00000000f8680000, 0x0000000100000000)
  eden space 33792K, 17% used [0x00000000f5b80000,0x00000000f616f360,0x00000000f7c80000)
  from space 3584K, 99% used [0x00000000f8100000,0x00000000f847a2b8,0x00000000f8480000)
  to   space 4608K, 0% used [0x00000000f7c80000,0x00000000f7c80000,0x00000000f8100000)
 ParOldGen       total 22016K, used 6556K [0x00000000e1200000, 0x00000000e2780000, 0x00000000f5b80000)
  object space 22016K, 29% used [0x00000000e1200000,0x00000000e1867168,0x00000000e2780000)
 Metaspace       used 12279K, capacity 12436K, committed 12672K, reserved 1060864K
  class space    used 1527K, capacity 1606K, committed 1664K, reserved 1048576K

Card table byte_map: [0x00007fb04072d000,0x00007fb040825000] byte_map_base: 0x00007fb040024000

Marking Bits: (ParMarkBitMap*) 0x00007fb05648b300
 Begin Bits: [0x00007fb03f5bb000, 0x00007fb03fd73000)
 End Bits:   [0x00007fb03fd73000, 0x00007fb04052b000)

Polling page: 0x00007fb0572df000

CodeCache: size=245760Kb used=4595Kb max_used=4595Kb free=241164Kb
 bounds [0x00007fb040be5000, 0x00007fb041065000, 0x00007fb04fbe5000]
 total_blobs=1549 nmethods=1237 adapters=223
 compilation: enabled

Compilation events (10 events):
Event: 228.857 Thread 0x00007fb0500ad000 1280       3       java.lang.String::compareTo (78 bytes)
Event: 228.899 Thread 0x00007fb0500ad000 nmethod 1280 0x00007fb041057890 code [0x00007fb041057a20, 0x00007fb041057d70]
Event: 228.905 Thread 0x00007fb0500ad000 1278       3       java.util.TreeMap::parentOf (13 bytes)
Event: 228.954 Thread 0x00007fb0500ad000 nmethod 1278 0x00007fb0410574d0 code [0x00007fb041057640, 0x00007fb0410577d0]
Event: 228.961 Thread 0x00007fb0500ad000 1268       3       com.google.common.collect.ImmutableList::copyOf (44 bytes)
Event: 229.069 Thread 0x00007fb0500ad000 nmethod 1268 0x00007fb041056190 code [0x00007fb0410563e0, 0x00007fb041057038]
Event: 230.414 Thread 0x00007fb0500ad000 1281       3       java.lang.Thread::getId (5 bytes)
Event: 232.028 Thread 0x00007fb0500ad000 nmethod 1281 0x00007fb041055e90 code [0x00007fb041055fe0, 0x00007fb041056130]
Event: 232.034 Thread 0x00007fb0500ad000 1282       3       com.google.common.cache.LocalCache$Segment::cleanUp (21 bytes)
Event: 233.473 Thread 0x00007fb0500ad000 nmethod 1282 0x00007fb041055490 code [0x00007fb041055640, 0x00007fb041055c48]

GC Heap History (10 events):
Event: 2.972 GC heap before
{Heap before GC invocations=2 (full 0):
 PSYoungGen      total 9728K, used 9728K [0x00000000f5b80000, 0x00000000f6600000, 0x0000000100000000)
  eden space 8704K, 100% used [0x00000000f5b80000,0x00000000f6400000,0x00000000f6400000)
  from space 1024K, 100% used [0x00000000f6400000,0x00000000f6500000,0x00000000f6500000)
  to   space 1024K, 0% used [0x00000000f6500000,0x00000000f6500000,0x00000000f6600000)
 ParOldGen       total 22016K, used 858K [0x00000000e1200000, 0x00000000e2780000, 0x00000000f5b80000)
  object space 22016K, 3% used [0x00000000e1200000,0x00000000e12d6b40,0x00000000e2780000)
 Metaspace       used 6594K, capacity 6748K, committed 7040K, reserved 1056768K
  class space    used 751K, capacity 824K, committed 896K, reserved 1048576K
Event: 2.981 GC heap after
Heap after GC invocations=2 (full 0):
 PSYoungGen      total 9728K, used 1024K [0x00000000f5b80000, 0x00000000f6600000, 0x0000000100000000)
  eden space 8704K, 0% used [0x00000000f5b80000,0x00000000f5b80000,0x00000000f6400000)
  from space 1024K, 100% used [0x00000000f6500000,0x00000000f6600000,0x00000000f6600000)
  to   space 1024K, 0% used [0x00000000f6400000,0x00000000f6400000,0x00000000f6500000)
 ParOldGen       total 22016K, used 2120K [0x00000000e1200000, 0x00000000e2780000, 0x00000000f5b80000)
  object space 22016K, 9% used [0x00000000e1200000,0x00000000e1412170,0x00000000e2780000)
 Metaspace       used 6594K, capacity 6748K, committed 7040K, reserved 1056768K
  class space    used 751K, capacity 824K, committed 896K, reserved 1048576K
}
Event: 3.646 GC heap before
{Heap before GC invocations=3 (full 0):
 PSYoungGen      total 9728K, used 9728K [0x00000000f5b80000, 0x00000000f6600000, 0x0000000100000000)
  eden space 8704K, 100% used [0x00000000f5b80000,0x00000000f6400000,0x00000000f6400000)
  from space 1024K, 100% used [0x00000000f6500000,0x00000000f6600000,0x00000000f6600000)
  to   space 1024K, 0% used [0x00000000f6400000,0x00000000f6400000,0x00000000f6500000)
 ParOldGen       total 22016K, used 2120K [0x00000000e1200000, 0x00000000e2780000, 0x00000000f5b80000)
  object space 22016K, 9% used [0x00000000e1200000,0x00000000e1412170,0x00000000e2780000)
 Metaspace       used 7597K, capacity 7708K, committed 7936K, reserved 1056768K
  class space    used 904K, capacity 952K, committed 1024K, reserved 1048576K
Event: 3.714 GC heap after
Heap after GC invocations=3 (full 0):
 PSYoungGen      total 9728K, used 1024K [0x00000000f5b80000, 0x00000000f6e80000, 0x0000000100000000)
  eden space 8704K, 0% used [0x00000000f5b80000,0x00000000f5b80000,0x00000000f6400000)
  from space 1024K, 100% used [0x00000000f6400000,0x00000000f6500000,0x00000000f6500000)
  to   space 1024K, 0% used [0x00000000f6d80000,0x00000000f6d80000,0x00000000f6e80000)
 ParOldGen       total 22016K, used 3024K [0x00000000e1200000, 0x00000000e2780000, 0x00000000f5b80000)
  object space 22016K, 13% used [0x00000000e1200000,0x00000000e14f4008,0x00000000e2780000)
 Metaspace       used 7597K, capacity 7708K, committed 7936K, reserved 1056768K
  class space    used 904K, capacity 952K, committed 1024K, reserved 1048576K
}
Event: 4.401 GC heap before
{Heap before GC invocations=4 (full 0):
 PSYoungGen      total 9728K, used 9728K [0x00000000f5b80000, 0x00000000f6e80000, 0x0000000100000000)
  eden space 8704K, 100% used [0x00000000f5b80000,0x00000000f6400000,0x00000000f6400000)
  from space 1024K, 100% used [0x00000000f6400000,0x00000000f6500000,0x00000000f6500000)
  to   space 1024K, 0% used [0x00000000f6d80000,0x00000000f6d80000,0x00000000f6e80000)
 ParOldGen       total 22016K, used 3024K [0x00000000e1200000, 0x00000000e2780000, 0x00000000f5b80000)
  object space 22016K, 13% used [0x00000000e1200000,0x00000000e14f4008,0x00000000e2780000)
 Metaspace       used 7810K, capacity 7964K, committed 8192K, reserved 1056768K
  class space    used 954K, capacity 1016K, committed 1024K, reserved 1048576K
Event: 4.416 GC heap after
Heap after GC invocations=4 (full 0):
 PSYoungGen      total 18432K, used 992K [0x00000000f5b80000, 0x00000000f6e80000, 0x0000000100000000)
  eden space 17408K, 0% used [0x00000000f5b80000,0x00000000f5b80000,0x00000000f6c80000)
  from space 1024K, 96% used [0x00000000f6d80000,0x00000000f6e78020,0x00000000f6e80000)
  to   space 1024K, 0% used [0x00000000f6c80000,0x00000000f6c80000,0x00000000f6d80000)
 ParOldGen       total 22016K, used 3598K [0x00000000e1200000, 0x00000000e2780000, 0x00000000f5b80000)
  object space 22016K, 16% used [0x00000000e1200000,0x00000000e1583880,0x00000000e2780000)
 Metaspace       used 7810K, capacity 7964K, committed 8192K, reserved 1056768K
  class space    used 954K, capacity 1016K, committed 1024K, reserved 1048576K
}
Event: 10.826 GC heap before
{Heap before GC invocations=5 (full 0):
 PSYoungGen      total 18432K, used 18400K [0x00000000f5b80000, 0x00000000f6e80000, 0x0000000100000000)
  eden space 17408K, 100% used [0x00000000f5b80000,0x00000000f6c80000,0x00000000f6c80000)
  from space 1024K, 96% used [0x00000000f6d80000,0x00000000f6e78020,0x00000000f6e80000)
  to   space 1024K, 0% used [0x00000000f6c80000,0x00000000f6c80000,0x00000000f6d80000)
 ParOldGen       total 22016K, used 3598K [0x00000000e1200000, 0x00000000e2780000, 0x00000000f5b80000)
  object space 22016K, 16% used [0x00000000e1200000,0x00000000e1583880,0x00000000e2780000)
 Metaspace       used 9783K, capacity 9940K, committed 9984K, reserved 1058816K
  class space    used 1173K, capacity 1245K, committed 1280K, reserved 1048576K
Event: 10.857 GC heap after
Heap after GC invocations=5 (full 0):
 PSYoungGen      total 18432K, used 1024K [0x00000000f5b80000, 0x00000000f8480000, 0x0000000100000000)
  eden space 17408K, 0% used [0x00000000f5b80000,0x00000000f5b80000,0x00000000f6c80000)
  from space 1024K, 100% used [0x00000000f6c80000,0x00000000f6d80000,0x00000000f6d80000)
  to   space 3584K, 0% used [0x00000000f8100000,0x00000000f8100000,0x00000000f8480000)
 ParOldGen       total 22016K, used 6214K [0x00000000e1200000, 0x00000000e2780000, 0x00000000f5b80000)
  object space 22016K, 28% used [0x00000000e1200000,0x00000000e1811a28,0x00000000e2780000)
 Metaspace       used 9783K, capacity 9940K, committed 9984K, reserved 1058816K
  class space    used 1173K, capacity 1245K, committed 1280K, reserved 1048576K
}
Event: 77.102 GC heap before
{Heap before GC invocations=6 (full 0):
 PSYoungGen      total 18432K, used 18432K [0x00000000f5b80000, 0x00000000f8480000, 0x0000000100000000)
  eden space 17408K, 100% used [0x00000000f5b80000,0x00000000f6c80000,0x00000000f6c80000)
  from space 1024K, 100% used [0x00000000f6c80000,0x00000000f6d80000,0x00000000f6d80000)
  to   space 3584K, 0% used [0x00000000f8100000,0x00000000f8100000,0x00000000f8480000)
 ParOldGen       total 22016K, used 6214K [0x00000000e1200000, 0x00000000e2780000, 0x00000000f5b80000)
  object space 22016K, 28% used [0x00000000e1200000,0x00000000e1811a28,0x00000000e2780000)
 Metaspace       used 11651K, capacity 11822K, committed 12032K, reserved 1060864K
  class space    used 1432K, capacity 1509K, committed 1536K, reserved 1048576K
Event: 77.205 GC heap after
Heap after GC invocations=6 (full 0):
 PSYoungGen      total 37376K, used 3560K [0x00000000f5b80000, 0x00000000f8680000, 0x0000000100000000)
  eden space 33792K, 0% used [0x00000000f5b80000,0x00000000f5b80000,0x00000000f7c80000)
  from space 3584K, 99% used [0x00000000f8100000,0x00000000f847a2b8,0x00000000f8480000)
  to   space 4608K, 0% used [0x00000000f7c80000,0x00000000f7c80000,0x00000000f8100000)
 ParOldGen       total 22016K, used 6556K [0x00000000e1200000, 0x00000000e2780000, 0x00000000f5b80000)
  object space 22016K, 29% used [0x00000000e1200000,0x00000000e1867168,0x00000000e2780000)
 Metaspace       used 11651K, capacity 11822K, committed 12032K, reserved 1060864K
  class space    used 1432K, capacity 1509K, committed 1536K, reserved 1048576K
}

Deoptimization events (9 events):
Event: 2.144 Thread 0x00007fb05000b000 Uncommon trap: reason=unstable_if action=reinterpret pc=0x00007fb040da4c54 method=java.lang.String.replace(CC)Ljava/lang/String; @ 26
Event: 2.508 Thread 0x00007fb05000b000 Uncommon trap: reason=unstable_if action=reinterpret pc=0x00007fb040d4e098 method=java.lang.String.indexOf([CII[CIII)I @ 3
Event: 3.509 Thread 0x00007fb05000b000 Uncommon trap: reason=unstable_if action=reinterpret pc=0x00007fb040d85e48 method=org.codehaus.plexus.util.xml.pull.MXParser.more()C @ 8
Event: 3.800 Thread 0x00007fb05000b000 Uncommon trap: reason=unstable_if action=reinterpret pc=0x00007fb040e7f348 method=sun.nio.cs.StreamDecoder.implRead([CII)I @ 71
Event: 3.866 Thread 0x00007fb05000b000 Uncommon trap: reason=unstable_if action=reinterpret pc=0x00007fb040e851b4 method=java.io.Reader.read()I @ 12
Event: 3.902 Thread 0x00007fb05000b000 Uncommon trap: reason=unstable_if action=reinterpret pc=0x00007fb040e79e0c method=java.io.Reader.read()I @ 12
Event: 4.056 Thread 0x00007fb05000b000 Uncommon trap: reason=unstable_if action=reinterpret pc=0x00007fb040ea8924 method=sun.nio.cs.StreamDecoder.implRead([CII)I @ 197
Event: 4.243 Thread 0x00007fb05000b000 Uncommon trap: reason=range_check action=make_not_entrant pc=0x00007fb040e45b40 method=sun.reflect.generics.parser.SignatureParser.current()C @ 34
Event: 99.596 Thread 0x00007fb05000b000 Uncommon trap: reason=unstable_if action=reinterpret pc=0x00007fb040f5cabc method=java.util.concurrent.ConcurrentHashMap.putVal(Ljava/lang/Object;Ljava/lang/Object;Z)Ljava/lang/Object; @ 206

Classes redefined (0 events):
No events

Internal exceptions (10 events):
Event: 5.719 Thread 0x00007fb05000b000 Exception <a 'java/lang/ArrayIndexOutOfBoundsException'> (0x00000000f5db7160) thrown at [/build/openjdk-8-OdO8jS/openjdk-8-8u162-b12/src/hotspot/src/share/vm/runtime/sharedRuntime.cpp, line 605]
Event: 5.719 Thread 0x00007fb05000b000 Exception <a 'java/lang/ArrayIndexOutOfBoundsException'> (0x00000000f5db7fc0) thrown at [/build/openjdk-8-OdO8jS/openjdk-8-8u162-b12/src/hotspot/src/share/vm/runtime/sharedRuntime.cpp, line 605]
Event: 5.719 Thread 0x00007fb05000b000 Exception <a 'java/lang/ArrayIndexOutOfBoundsException'> (0x00000000f5db97d8) thrown at [/build/openjdk-8-OdO8jS/openjdk-8-8u162-b12/src/hotspot/src/share/vm/runtime/sharedRuntime.cpp, line 605]
Event: 5.720 Thread 0x00007fb05000b000 Exception <a 'java/lang/ArrayIndexOutOfBoundsException'> (0x00000000f5dbb590) thrown at [/build/openjdk-8-OdO8jS/openjdk-8-8u162-b12/src/hotspot/src/share/vm/runtime/sharedRuntime.cpp, line 605]
Event: 5.730 Thread 0x00007fb05000b000 Exception <a 'java/lang/ArrayIndexOutOfBoundsException'> (0x00000000f5dbcbd8) thrown at [/build/openjdk-8-OdO8jS/openjdk-8-8u162-b12/src/hotspot/src/share/vm/runtime/sharedRuntime.cpp, line 605]
Event: 5.730 Thread 0x00007fb05000b000 Exception <a 'java/lang/ArrayIndexOutOfBoundsException'> (0x00000000f5dbe350) thrown at [/build/openjdk-8-OdO8jS/openjdk-8-8u162-b12/src/hotspot/src/share/vm/runtime/sharedRuntime.cpp, line 605]
Event: 5.730 Thread 0x00007fb05000b000 Exception <a 'java/lang/ArrayIndexOutOfBoundsException'> (0x00000000f5dc0090) thrown at [/build/openjdk-8-OdO8jS/openjdk-8-8u162-b12/src/hotspot/src/share/vm/runtime/sharedRuntime.cpp, line 605]
Event: 106.907 Thread 0x00007fb05000b000 Exception <a 'java/lang/NoClassDefFoundError': com/google/inject/servlet/ServletModuleTargetVisitor> (0x00000000f5ff7ae8) thrown at [/build/openjdk-8-OdO8jS/openjdk-8-8u162-b12/src/hotspot/src/share/vm/classfile/systemDictionary.cpp, line 199]
Event: 106.939 Thread 0x00007fb05000b000 Exception <a 'java/lang/NoClassDefFoundError'> (0x00000000f5ff7ae8) thrown at [/build/openjdk-8-OdO8jS/openjdk-8-8u162-b12/src/hotspot/src/share/vm/prims/jvm.cpp, line 1394]
Event: 107.886 Thread 0x00007fb05000b000 Exception <a 'java/lang/NoClassDefFoundError': javax/annotation/Priority> (0x00000000f5fffcb8) thrown at [/build/openjdk-8-OdO8jS/openjdk-8-8u162-b12/src/hotspot/src/share/vm/classfile/systemDictionary.cpp, line 199]

Events (10 events):
Event: 224.206 loading class java/util/TreeMap$Entry
Event: 224.248 loading class java/util/TreeMap$Entry done
Event: 225.611 loading class java/util/Random
Event: 226.548 loading class java/util/Random done
Event: 227.222 loading class java/util/TreeMap$EntrySet
Event: 227.232 loading class java/util/TreeMap$EntrySet done
Event: 227.236 loading class java/util/TreeMap$EntryIterator
Event: 227.237 loading class java/util/TreeMap$EntryIterator done
Event: 227.244 loading class org/codehaus/plexus/classworlds/realm/Entry
Event: 227.244 loading class org/codehaus/plexus/classworlds/realm/Entry done


Dynamic libraries:
00400000-00401000 r-xp 00000000 08:01 2046                               /usr/lib/jvm/java-8-openjdk-amd64/jre/bin/java
00600000-00601000 r--p 00000000 08:01 2046                               /usr/lib/jvm/java-8-openjdk-amd64/jre/bin/java
00601000-00602000 rw-p 00001000 08:01 2046                               /usr/lib/jvm/java-8-openjdk-amd64/jre/bin/java
00e9d000-00ebe000 rw-p 00000000 00:00 0                                  [heap]
e1200000-e2780000 rw-p 00000000 00:00 0 
e2780000-f5b80000 ---p 00000000 00:00 0 
f5b80000-f8680000 rw-p 00000000 00:00 0 
f8680000-100000000 ---p 00000000 00:00 0 
100000000-1001a0000 rw-p 00000000 00:00 0 
1001a0000-140000000 ---p 00000000 00:00 0 
7fb010000000-7fb010021000 rw-p 00000000 00:00 0 
7fb010021000-7fb014000000 ---p 00000000 00:00 0 
7fb018000000-7fb0183bf000 rw-p 00000000 00:00 0 
7fb0183bf000-7fb01c000000 ---p 00000000 00:00 0 
7fb01c000000-7fb01c021000 rw-p 00000000 00:00 0 
7fb01c021000-7fb020000000 ---p 00000000 00:00 0 
7fb020000000-7fb020021000 rw-p 00000000 00:00 0 
7fb020021000-7fb024000000 ---p 00000000 00:00 0 
7fb024000000-7fb0247ba000 rw-p 00000000 00:00 0 
7fb0247ba000-7fb028000000 ---p 00000000 00:00 0 
7fb028000000-7fb028021000 rw-p 00000000 00:00 0 
7fb028021000-7fb02c000000 ---p 00000000 00:00 0 
7fb02c000000-7fb02c021000 rw-p 00000000 00:00 0 
7fb02c021000-7fb030000000 ---p 00000000 00:00 0 
7fb030000000-7fb030021000 rw-p 00000000 00:00 0 
7fb030021000-7fb034000000 ---p 00000000 00:00 0 
7fb034000000-7fb034021000 rw-p 00000000 00:00 0 
7fb034021000-7fb038000000 ---p 00000000 00:00 0 
7fb038000000-7fb038021000 rw-p 00000000 00:00 0 
7fb038021000-7fb03c000000 ---p 00000000 00:00 0 
7fb03ca0c000-7fb03cacc000 rw-p 00000000 00:00 0 
7fb03cacc000-7fb03cc0c000 ---p 00000000 00:00 0 
7fb03cc0c000-7fb03ce0c000 rw-p 00000000 00:00 0 
7fb03ce0c000-7fb03ce0d000 r--s 00002000 07:01 1181                       /snap/eclipse/12/plugins/org.eclipse.m2e.maven.runtime.slf4j.simple_1.8.3.20180227-2135/jars/slf4j-simple-1.7.5.jar
7fb03ce0d000-7fb03ce12000 r--s 00041000 07:01 1204                       /snap/eclipse/12/plugins/org.eclipse.m2e.maven.runtime_1.8.3.20180227-2135/jars/commons-lang-2.6.jar
7fb03ce12000-7fb03ce13000 r--s 00002000 07:01 1232                       /snap/eclipse/12/plugins/org.eclipse.m2e.maven.runtime_1.8.3.20180227-2135/jars/wagon-file-2.10.jar
7fb03ce13000-7fb03ce15000 r--s 00005000 07:01 1200                       /snap/eclipse/12/plugins/org.eclipse.m2e.maven.runtime_1.8.3.20180227-2135/jars/aether-transport-wagon-1.0.2.v20150114.jar
7fb03ce15000-7fb03ce16000 r--s 00008000 07:01 1196                       /snap/eclipse/12/plugins/org.eclipse.m2e.maven.runtime_1.8.3.20180227-2135/jars/aether-connector-basic-1.0.2.v20150114.jar
7fb03ce16000-7fb03ce18000 r--s 00012000 07:01 1222                       /snap/eclipse/12/plugins/org.eclipse.m2e.maven.runtime_1.8.3.20180227-2135/jars/okio-1.12.0.jar
7fb03ce18000-7fb03ce1e000 r--s 0005b000 07:01 1221                       /snap/eclipse/12/plugins/org.eclipse.m2e.maven.runtime_1.8.3.20180227-2135/jars/okhttp-3.7.0.jar
7fb03ce1e000-7fb03ce20000 r--s 0000b000 07:01 1197                       /snap/eclipse/12/plugins/org.eclipse.m2e.maven.runtime_1.8.3.20180227-2135/jars/aether-connector-okhttp-0.17.3.jar
7fb03ce20000-7fb03ce22000 r--s 00006000 07:01 1199                       /snap/eclipse/12/plugins/org.eclipse.m2e.maven.runtime_1.8.3.20180227-2135/jars/aether-spi-1.0.2.v20150114.jar
7fb03ce22000-7fb03ce26000 r--s 00027000 07:01 1198                       /snap/eclipse/12/plugins/org.eclipse.m2e.maven.runtime_1.8.3.20180227-2135/jars/aether-impl-1.0.2.v20150114.jar
7fb03ce26000-7fb03ce51000 r--s 001fc000 07:01 1206                       /snap/eclipse/12/plugins/org.eclipse.m2e.maven.runtime_1.8.3.20180227-2135/jars/guava-18.0.jar
7fb03ce51000-7fb03ce59000 r--s 00055000 07:01 1223                       /snap/eclipse/12/plugins/org.eclipse.m2e.maven.runtime_1.8.3.20180227-2135/jars/org.eclipse.sisu.inject-0.3.2.jar
7fb03ce59000-7fb03ce5a000 r--s 00001000 07:01 1208                       /snap/eclipse/12/plugins/org.eclipse.m2e.maven.runtime_1.8.3.20180227-2135/jars/jsr250-api-1.0.jar
7fb03ce5a000-7fb03ce5d000 r--s 00008000 07:01 1202                       /snap/eclipse/12/plugins/org.eclipse.m2e.maven.runtime_1.8.3.20180227-2135/jars/cdi-api-1.0.jar
7fb03ce5d000-7fb03ce63000 r--s 0002d000 07:01 1224                       /snap/eclipse/12/plugins/org.eclipse.m2e.maven.runtime_1.8.3.20180227-2135/jars/org.eclipse.sisu.plexus-0.3.2.jar
7fb03ce63000-7fb03ce66000 r--s 0000b000 07:01 1233                       /snap/eclipse/12/plugins/org.eclipse.m2e.maven.runtime_1.8.3.20180227-2135/jars/wagon-provider-api-2.10.jar
7fb03ce66000-7fb03ce6c000 r--s 00041000 07:01 1212                       /snap/eclipse/12/plugins/org.eclipse.m2e.maven.runtime_1.8.3.20180227-2135/jars/maven-compat-3.3.9.jar
7fb03ce6c000-7fb03ce6e000 r--s 00009000 07:01 1203                       /snap/eclipse/12/plugins/org.eclipse.m2e.maven.runtime_1.8.3.20180227-2135/jars/commons-cli-1.2.jar
7fb03ce6e000-7fb03ce70000 r--s 00002000 07:01 1226                       /snap/eclipse/12/plugins/org.eclipse.m2e.maven.runtime_1.8.3.20180227-2135/jars/plexus-cipher-1.7.jar
7fb03ce70000-7fb03ce73000 r--s 00013000 07:01 1214                       /snap/eclipse/12/plugins/org.eclipse.m2e.maven.runtime_1.8.3.20180227-2135/jars/maven-embedder-3.3.9.jar
7fb03ce73000-7fb03ce7a000 r--s 00064000 07:01 1205                       /snap/eclipse/12/plugins/org.eclipse.m2e.maven.runtime_1.8.3.20180227-2135/jars/commons-lang3-3.4.jar
7fb03ce7a000-7fb03ce7b000 r--s 00006000 07:01 1230                       /snap/eclipse/12/plugins/org.eclipse.m2e.maven.runtime_1.8.3.20180227-2135/jars/plexus-sec-dispatcher-1.3.jar
7fb03ce7b000-7fb03ce7d000 r--s 00000000 07:01 1228                       /snap/eclipse/12/plugins/org.eclipse.m2e.maven.runtime_1.8.3.20180227-2135/jars/plexus-component-annotations-1.6.jar
7fb03ce7d000-7fb03ce81000 r--s 00038000 07:01 1231                       /snap/eclipse/12/plugins/org.eclipse.m2e.maven.runtime_1.8.3.20180227-2135/jars/plexus-utils-3.0.22.jar
7fb03ce81000-7fb03ce84000 r--s 0000d000 07:01 1229                       /snap/eclipse/12/plugins/org.eclipse.m2e.maven.runtime_1.8.3.20180227-2135/jars/plexus-interpolation-1.21.jar
7fb03ce84000-7fb03ce8d000 r--s 0005f000 07:01 1207                       /snap/eclipse/12/plugins/org.eclipse.m2e.maven.runtime_1.8.3.20180227-2135/jars/guice-4.0-no_aop.jar
7fb03ce8d000-7fb03ce91000 r--s 00020000 07:01 1201                       /snap/eclipse/12/plugins/org.eclipse.m2e.maven.runtime_1.8.3.20180227-2135/jars/aether-util-1.0.2.v20150114.jar
7fb03ce91000-7fb03ce96000 r--s 0001d000 07:01 1195                       /snap/eclipse/12/plugins/org.eclipse.m2e.maven.runtime_1.8.3.20180227-2135/jars/aether-api-1.0.2.v20150114.jar
7fb03ce96000-7fb03ce98000 r--s 0000f000 07:01 1209                       /snap/eclipse/12/plugins/org.eclipse.m2e.maven.runtime_1.8.3.20180227-2135/jars/maven-aether-provider-3.3.9.jar
7fb03ce98000-7fb03ce9d000 r--s 00027000 07:01 1216                       /snap/eclipse/12/plugins/org.eclipse.m2e.maven.runtime_1.8.3.20180227-2135/jars/maven-model-builder-3.3.9.jar
7fb03ce9d000-7fb03ce9f000 r--s 0000a000 07:01 1217                       /snap/eclipse/12/plugins/org.eclipse.m2e.maven.runtime_1.8.3.20180227-2135/jars/maven-plugin-api-3.3.9.jar
7fb03ce9f000-7fb03cea1000 r--s 0000c000 07:01 1210                       /snap/eclipse/12/plugins/org.eclipse.m2e.maven.runtime_1.8.3.20180227-2135/jars/maven-artifact-3.3.9.jar
7fb03cea1000-7fb03cea2000 r--s 00006000 07:01 1218                       /snap/eclipse/12/plugins/org.eclipse.m2e.maven.runtime_1.8.3.20180227-2135/jars/maven-repository-metadata-3.3.9.jar
7fb03cea2000-7fb03cea3000 r--s 00003000 07:01 1211                       /snap/eclipse/12/plugins/org.eclipse.m2e.maven.runtime_1.8.3.20180227-2135/jars/maven-builder-support-3.3.9.jar
7fb03cea3000-7fb03ceb0000 r--s 0008f000 07:01 1213                       /snap/eclipse/12/plugins/org.eclipse.m2e.maven.runtime_1.8.3.20180227-2135/jars/maven-core-3.3.9.jar
7fb03ceb0000-7fb03cecb000 r--s 001d6000 08:01 399149                     /usr/lib/jvm/java-8-openjdk-amd64/jre/lib/ext/nashorn.jar
7fb03cecb000-7fb03cee6000 r--s 00394000 08:01 399091                     /usr/lib/jvm/java-8-openjdk-amd64/jre/lib/ext/cldrdata.jar
7fb03cee6000-7fb03cee7000 ---p 00000000 00:00 0 
7fb03cee7000-7fb03cfe7000 rw-p 00000000 00:00 0 
7fb03cfe7000-7fb03cfea000 ---p 00000000 00:00 0 
7fb03cfea000-7fb03d0e8000 rw-p 00000000 00:00 0 
7fb03d0e8000-7fb03d0eb000 ---p 00000000 00:00 0 
7fb03d0eb000-7fb03d1e9000 rw-p 00000000 00:00 0 
7fb03d1e9000-7fb03d1ec000 ---p 00000000 00:00 0 
7fb03d1ec000-7fb03d2ea000 rw-p 00000000 00:00 0 
7fb03d2ea000-7fb03d2ed000 ---p 00000000 00:00 0 
7fb03d2ed000-7fb03d3eb000 rw-p 00000000 00:00 0 
7fb03d3eb000-7fb03ddaa000 r--p 00000000 08:01 9169                       /usr/lib/locale/locale-archive
7fb03ddaa000-7fb03ddad000 ---p 00000000 00:00 0 
7fb03ddad000-7fb03deab000 rw-p 00000000 00:00 0 
7fb03deab000-7fb03deae000 ---p 00000000 00:00 0 
7fb03deae000-7fb03dfac000 rw-p 00000000 00:00 0 
7fb03dfac000-7fb03dfad000 ---p 00000000 00:00 0 
7fb03dfad000-7fb03ea25000 rw-p 00000000 00:00 0 
7fb03ea25000-7fb03ebf3000 r--s 03c2c000 08:01 2029                       /usr/lib/jvm/java-8-openjdk-amd64/jre/lib/rt.jar
7fb03ebf3000-7fb04052b000 rw-p 00000000 00:00 0 
7fb04052b000-7fb04052c000 ---p 00000000 00:00 0 
7fb04052c000-7fb04062c000 rw-p 00000000 00:00 0 
7fb04062c000-7fb04062d000 ---p 00000000 00:00 0 
7fb04062d000-7fb040738000 rw-p 00000000 00:00 0 
7fb040738000-7fb0407d1000 ---p 00000000 00:00 0 
7fb0407d1000-7fb0407e8000 rw-p 00000000 00:00 0 
7fb0407e8000-7fb040824000 ---p 00000000 00:00 0 
7fb040824000-7fb040837000 rw-p 00000000 00:00 0 
7fb040837000-7fb040be5000 ---p 00000000 00:00 0 
7fb040be5000-7fb041065000 rwxp 00000000 00:00 0 
7fb041075000-7fb04fbe5000 ---p 00000000 00:00 0 
7fb04fbe5000-7fb04fbed000 r-xp 00000000 08:01 1058922                    /usr/lib/jvm/java-8-openjdk-amd64/jre/lib/amd64/libzip.so
7fb04fbed000-7fb04fdec000 ---p 00008000 08:01 1058922                    /usr/lib/jvm/java-8-openjdk-amd64/jre/lib/amd64/libzip.so
7fb04fdec000-7fb04fded000 r--p 00007000 08:01 1058922                    /usr/lib/jvm/java-8-openjdk-amd64/jre/lib/amd64/libzip.so
7fb04fded000-7fb04fdee000 rw-p 00008000 08:01 1058922                    /usr/lib/jvm/java-8-openjdk-amd64/jre/lib/amd64/libzip.so
7fb04fdee000-7fb04fdf9000 r-xp 00000000 08:01 399208                     /lib/x86_64-linux-gnu/libnss_files-2.23.so
7fb04fdf9000-7fb04fff8000 ---p 0000b000 08:01 399208                     /lib/x86_64-linux-gnu/libnss_files-2.23.so
7fb04fff8000-7fb04fff9000 r--p 0000a000 08:01 399208                     /lib/x86_64-linux-gnu/libnss_files-2.23.so
7fb04fff9000-7fb04fffa000 rw-p 0000b000 08:01 399208                     /lib/x86_64-linux-gnu/libnss_files-2.23.so
7fb04fffa000-7fb050000000 rw-p 00000000 00:00 0 
7fb050000000-7fb050650000 rw-p 00000000 00:00 0 
7fb050650000-7fb054000000 ---p 00000000 00:00 0 
7fb054000000-7fb054002000 r--s 00009000 07:01 1220                       /snap/eclipse/12/plugins/org.eclipse.m2e.maven.runtime_1.8.3.20180227-2135/jars/maven-settings-builder-3.3.9.jar
7fb054002000-7fb054003000 r--s 0000a000 07:01 1219                       /snap/eclipse/12/plugins/org.eclipse.m2e.maven.runtime_1.8.3.20180227-2135/jars/maven-settings-3.3.9.jar
7fb054003000-7fb054006000 r--s 00026000 07:01 1215                       /snap/eclipse/12/plugins/org.eclipse.m2e.maven.runtime_1.8.3.20180227-2135/jars/maven-model-3.3.9.jar
7fb054006000-7fb054008000 r--s 0000b000 07:01 1227                       /snap/eclipse/12/plugins/org.eclipse.m2e.maven.runtime_1.8.3.20180227-2135/jars/plexus-classworlds-2.5.2.jar
7fb054008000-7fb05400b000 r--s 00038000 08:01 398877                     /usr/lib/jvm/java-8-openjdk-amd64/jre/lib/ext/sunpkcs11.jar
7fb05400b000-7fb05404d000 rw-p 00000000 00:00 0 
7fb05404d000-7fb054058000 r-xp 00000000 08:01 399218                     /lib/x86_64-linux-gnu/libnss_nis-2.23.so
7fb054058000-7fb054257000 ---p 0000b000 08:01 399218                     /lib/x86_64-linux-gnu/libnss_nis-2.23.so
7fb054257000-7fb054258000 r--p 0000a000 08:01 399218                     /lib/x86_64-linux-gnu/libnss_nis-2.23.so
7fb054258000-7fb054259000 rw-p 0000b000 08:01 399218                     /lib/x86_64-linux-gnu/libnss_nis-2.23.so
7fb054259000-7fb05426f000 r-xp 00000000 08:01 399202                     /lib/x86_64-linux-gnu/libnsl-2.23.so
7fb05426f000-7fb05446e000 ---p 00016000 08:01 399202                     /lib/x86_64-linux-gnu/libnsl-2.23.so
7fb05446e000-7fb05446f000 r--p 00015000 08:01 399202                     /lib/x86_64-linux-gnu/libnsl-2.23.so
7fb05446f000-7fb054470000 rw-p 00016000 08:01 399202                     /lib/x86_64-linux-gnu/libnsl-2.23.so
7fb054470000-7fb054472000 rw-p 00000000 00:00 0 
7fb054472000-7fb05447a000 r-xp 00000000 08:01 399204                     /lib/x86_64-linux-gnu/libnss_compat-2.23.so
7fb05447a000-7fb054679000 ---p 00008000 08:01 399204                     /lib/x86_64-linux-gnu/libnss_compat-2.23.so
7fb054679000-7fb05467a000 r--p 00007000 08:01 399204                     /lib/x86_64-linux-gnu/libnss_compat-2.23.so
7fb05467a000-7fb05467b000 rw-p 00008000 08:01 399204                     /lib/x86_64-linux-gnu/libnss_compat-2.23.so
7fb05467b000-7fb0546a8000 r-xp 00000000 08:01 1058925                    /usr/lib/jvm/java-8-openjdk-amd64/jre/lib/amd64/libjava.so
7fb0546a8000-7fb0548a7000 ---p 0002d000 08:01 1058925                    /usr/lib/jvm/java-8-openjdk-amd64/jre/lib/amd64/libjava.so
7fb0548a7000-7fb0548a8000 r--p 0002c000 08:01 1058925                    /usr/lib/jvm/java-8-openjdk-amd64/jre/lib/amd64/libjava.so
7fb0548a8000-7fb0548aa000 rw-p 0002d000 08:01 1058925                    /usr/lib/jvm/java-8-openjdk-amd64/jre/lib/amd64/libjava.so
7fb0548aa000-7fb0548b9000 r-xp 00000000 08:01 1058935                    /usr/lib/jvm/java-8-openjdk-amd64/jre/lib/amd64/libverify.so
7fb0548b9000-7fb054ab8000 ---p 0000f000 08:01 1058935                    /usr/lib/jvm/java-8-openjdk-amd64/jre/lib/amd64/libverify.so
7fb054ab8000-7fb054aba000 r--p 0000e000 08:01 1058935                    /usr/lib/jvm/java-8-openjdk-amd64/jre/lib/amd64/libverify.so
7fb054aba000-7fb054abb000 rw-p 00010000 08:01 1058935                    /usr/lib/jvm/java-8-openjdk-amd64/jre/lib/amd64/libverify.so
7fb054abb000-7fb054ac2000 r-xp 00000000 08:01 399263                     /lib/x86_64-linux-gnu/librt-2.23.so
7fb054ac2000-7fb054cc1000 ---p 00007000 08:01 399263                     /lib/x86_64-linux-gnu/librt-2.23.so
7fb054cc1000-7fb054cc2000 r--p 00006000 08:01 399263                     /lib/x86_64-linux-gnu/librt-2.23.so
7fb054cc2000-7fb054cc3000 rw-p 00007000 08:01 399263                     /lib/x86_64-linux-gnu/librt-2.23.so
7fb054cc3000-7fb054cd9000 r-xp 00000000 08:01 399147                     /lib/x86_64-linux-gnu/libgcc_s.so.1
7fb054cd9000-7fb054ed8000 ---p 00016000 08:01 399147                     /lib/x86_64-linux-gnu/libgcc_s.so.1
7fb054ed8000-7fb054ed9000 rw-p 00015000 08:01 399147                     /lib/x86_64-linux-gnu/libgcc_s.so.1
7fb054ed9000-7fb054fe1000 r-xp 00000000 08:01 399179                     /lib/x86_64-linux-gnu/libm-2.23.so
7fb054fe1000-7fb0551e0000 ---p 00108000 08:01 399179                     /lib/x86_64-linux-gnu/libm-2.23.so
7fb0551e0000-7fb0551e1000 r--p 00107000 08:01 399179                     /lib/x86_64-linux-gnu/libm-2.23.so
7fb0551e1000-7fb0551e2000 rw-p 00108000 08:01 399179                     /lib/x86_64-linux-gnu/libm-2.23.so
7fb0551e2000-7fb055354000 r-xp 00000000 08:01 12320                      /usr/lib/x86_64-linux-gnu/libstdc++.so.6.0.21
7fb055354000-7fb055554000 ---p 00172000 08:01 12320                      /usr/lib/x86_64-linux-gnu/libstdc++.so.6.0.21
7fb055554000-7fb05555e000 r--p 00172000 08:01 12320                      /usr/lib/x86_64-linux-gnu/libstdc++.so.6.0.21
7fb05555e000-7fb055560000 rw-p 0017c000 08:01 12320                      /usr/lib/x86_64-linux-gnu/libstdc++.so.6.0.21
7fb055560000-7fb055564000 rw-p 00000000 00:00 0 
7fb055564000-7fb0561bc000 r-xp 00000000 08:01 1058920                    /usr/lib/jvm/java-8-openjdk-amd64/jre/lib/amd64/server/libjvm.so
7fb0561bc000-7fb0563bc000 ---p 00c58000 08:01 1058920                    /usr/lib/jvm/java-8-openjdk-amd64/jre/lib/amd64/server/libjvm.so
7fb0563bc000-7fb05644f000 r--p 00c58000 08:01 1058920                    /usr/lib/jvm/java-8-openjdk-amd64/jre/lib/amd64/server/libjvm.so
7fb05644f000-7fb056478000 rw-p 00ceb000 08:01 1058920                    /usr/lib/jvm/java-8-openjdk-amd64/jre/lib/amd64/server/libjvm.so
7fb056478000-7fb0564a8000 rw-p 00000000 00:00 0 
7fb0564a8000-7fb0564c0000 r-xp 00000000 08:01 399255                     /lib/x86_64-linux-gnu/libpthread-2.23.so
7fb0564c0000-7fb0566bf000 ---p 00018000 08:01 399255                     /lib/x86_64-linux-gnu/libpthread-2.23.so
7fb0566bf000-7fb0566c0000 r--p 00017000 08:01 399255                     /lib/x86_64-linux-gnu/libpthread-2.23.so
7fb0566c0000-7fb0566c1000 rw-p 00018000 08:01 399255                     /lib/x86_64-linux-gnu/libpthread-2.23.so
7fb0566c1000-7fb0566c5000 rw-p 00000000 00:00 0 
7fb0566c5000-7fb0566c8000 r-xp 00000000 08:01 399133                     /lib/x86_64-linux-gnu/libdl-2.23.so
7fb0566c8000-7fb0568c7000 ---p 00003000 08:01 399133                     /lib/x86_64-linux-gnu/libdl-2.23.so
7fb0568c7000-7fb0568c8000 r--p 00002000 08:01 399133                     /lib/x86_64-linux-gnu/libdl-2.23.so
7fb0568c8000-7fb0568c9000 rw-p 00003000 08:01 399133                     /lib/x86_64-linux-gnu/libdl-2.23.so
7fb0568c9000-7fb0568e2000 r-xp 00000000 08:01 399300                     /lib/x86_64-linux-gnu/libz.so.1.2.8
7fb0568e2000-7fb056ae1000 ---p 00019000 08:01 399300                     /lib/x86_64-linux-gnu/libz.so.1.2.8
7fb056ae1000-7fb056ae2000 r--p 00018000 08:01 399300                     /lib/x86_64-linux-gnu/libz.so.1.2.8
7fb056ae2000-7fb056ae3000 rw-p 00019000 08:01 399300                     /lib/x86_64-linux-gnu/libz.so.1.2.8
7fb056ae3000-7fb056ca3000 r-xp 00000000 08:01 399109                     /lib/x86_64-linux-gnu/libc-2.23.so
7fb056ca3000-7fb056ea3000 ---p 001c0000 08:01 399109                     /lib/x86_64-linux-gnu/libc-2.23.so
7fb056ea3000-7fb056ea7000 r--p 001c0000 08:01 399109                     /lib/x86_64-linux-gnu/libc-2.23.so
7fb056ea7000-7fb056ea9000 rw-p 001c4000 08:01 399109                     /lib/x86_64-linux-gnu/libc-2.23.so
7fb056ea9000-7fb056ead000 rw-p 00000000 00:00 0 
7fb056ead000-7fb056eba000 r-xp 00000000 08:01 1058931                    /usr/lib/jvm/java-8-openjdk-amd64/jre/lib/amd64/jli/libjli.so
7fb056eba000-7fb0570ba000 ---p 0000d000 08:01 1058931                    /usr/lib/jvm/java-8-openjdk-amd64/jre/lib/amd64/jli/libjli.so
7fb0570ba000-7fb0570bb000 r--p 0000d000 08:01 1058931                    /usr/lib/jvm/java-8-openjdk-amd64/jre/lib/amd64/jli/libjli.so
7fb0570bb000-7fb0570bc000 rw-p 0000e000 08:01 1058931                    /usr/lib/jvm/java-8-openjdk-amd64/jre/lib/amd64/jli/libjli.so
7fb0570bc000-7fb0570e2000 r-xp 00000000 08:01 399081                     /lib/x86_64-linux-gnu/ld-2.23.so
7fb0570e2000-7fb0570e4000 r--s 00008000 08:01 399056                     /usr/lib/jvm/java-8-openjdk-amd64/jre/lib/ext/sunec.jar
7fb0570e4000-7fb0570ee000 r--s 00116000 08:01 398943                     /usr/lib/jvm/java-8-openjdk-amd64/jre/lib/ext/localedata.jar
7fb0570ee000-7fb0570f0000 r--s 00001000 08:01 399090                     /usr/lib/jvm/java-8-openjdk-amd64/jre/lib/ext/dnsns.jar
7fb0570f0000-7fb0570f5000 r--s 0003b000 08:01 398988                     /usr/lib/jvm/java-8-openjdk-amd64/jre/lib/ext/sunjce_provider.jar
7fb0570f5000-7fb0570f8000 r--s 0000f000 08:01 398986                     /usr/lib/jvm/java-8-openjdk-amd64/jre/lib/ext/icedtea-sound.jar
7fb0570f8000-7fb05712b000 rw-p 00000000 00:00 0 
7fb05712b000-7fb0571c5000 ---p 00000000 00:00 0 
7fb0571c5000-7fb0571c8000 ---p 00000000 00:00 0 
7fb0571c8000-7fb0572ca000 rw-p 00000000 00:00 0 
7fb0572ca000-7fb0572cb000 r--s 00010000 08:01 399121                     /usr/lib/jvm/java-8-openjdk-amd64/jre/lib/ext/zipfs.jar
7fb0572cb000-7fb0572cc000 r--s 0000a000 08:01 399051                     /usr/lib/jvm/java-8-openjdk-amd64/jre/lib/ext/jaccess.jar
7fb0572cc000-7fb0572d6000 rw-p 00000000 00:00 0 
7fb0572d6000-7fb0572de000 rw-s 00000000 08:01 152405                     /tmp/hsperfdata_lephuc/16047
7fb0572de000-7fb0572df000 rw-p 00000000 00:00 0 
7fb0572df000-7fb0572e0000 r--p 00000000 00:00 0 
7fb0572e0000-7fb0572e1000 rw-p 00000000 00:00 0 
7fb0572e1000-7fb0572e2000 r--p 00025000 08:01 399081                     /lib/x86_64-linux-gnu/ld-2.23.so
7fb0572e2000-7fb0572e3000 rw-p 00026000 08:01 399081                     /lib/x86_64-linux-gnu/ld-2.23.so
7fb0572e3000-7fb0572e4000 rw-p 00000000 00:00 0 
7ffcaae2e000-7ffcaae4f000 rw-p 00000000 00:00 0                          [stack]
7ffcaae78000-7ffcaae7b000 r--p 00000000 00:00 0                          [vvar]
7ffcaae7b000-7ffcaae7d000 r-xp 00000000 00:00 0                          [vdso]
ffffffffff600000-ffffffffff601000 r-xp 00000000 00:00 0                  [vsyscall]

VM Arguments:
jvm_args: -Dmaven.home=EMBEDDED -Dclassworlds.conf=/home/lephuc/eclipse-workspace/.metadata/.plugins/org.eclipse.m2e.launching/launches/m2conf6987861276239724200.tmp -Dmaven.multiModuleProjectDirectory=/home/lephuc/git/org.eclipse.om2m/org.eclipse.om2m.ipe.sample -Dfile.encoding=UTF-8 
java_command: org.codehaus.plexus.classworlds.launcher.Launcher -B
java_class_path (initial): /snap/eclipse/12/plugins/org.eclipse.m2e.maven.runtime_1.8.3.20180227-2135/jars/plexus-classworlds-2.5.2.jar
Launcher Type: SUN_STANDARD

Environment Variables:
PATH=/home/lephuc/bin:/home/lephuc/.local/bin:/usr/local/sbin:/usr/local/bin:/usr/sbin:/usr/bin:/sbin:/bin:/usr/games:/usr/local/games:/snap/bin
SHELL=/bin/bash
DISPLAY=:0

Signal Handlers:
SIGSEGV: [libjvm.so+0xa6dcc0], sa_mask[0]=11111111011111111101111111111110, sa_flags=SA_RESTART|SA_SIGINFO
SIGBUS: [libjvm.so+0xa6dcc0], sa_mask[0]=11111111011111111101111111111110, sa_flags=SA_RESTART|SA_SIGINFO
SIGFPE: [libjvm.so+0x8b5350], sa_mask[0]=11111111011111111101111111111110, sa_flags=SA_RESTART|SA_SIGINFO
SIGPIPE: [libjvm.so+0x8b5350], sa_mask[0]=11111111011111111101111111111110, sa_flags=SA_RESTART|SA_SIGINFO
SIGXFSZ: [libjvm.so+0x8b5350], sa_mask[0]=11111111011111111101111111111110, sa_flags=SA_RESTART|SA_SIGINFO
SIGILL: [libjvm.so+0x8b5350], sa_mask[0]=11111111011111111101111111111110, sa_flags=SA_RESTART|SA_SIGINFO
SIGUSR1: SIG_DFL, sa_mask[0]=00000000000000000000000000000000, sa_flags=none
SIGUSR2: [libjvm.so+0x8b5200], sa_mask[0]=00100000000000000000000000000000, sa_flags=SA_RESTART|SA_SIGINFO
SIGHUP: [libjvm.so+0x8b56d0], sa_mask[0]=11111111011111111101111111111110, sa_flags=SA_RESTART|SA_SIGINFO
SIGINT: [libjvm.so+0x8b56d0], sa_mask[0]=11111111011111111101111111111110, sa_flags=SA_RESTART|SA_SIGINFO
SIGTERM: [libjvm.so+0x8b56d0], sa_mask[0]=11111111011111111101111111111110, sa_flags=SA_RESTART|SA_SIGINFO
SIGQUIT: [libjvm.so+0x8b56d0], sa_mask[0]=11111111011111111101111111111110, sa_flags=SA_RESTART|SA_SIGINFO


---------------  S Y S T E M  ---------------

OS:DISTRIB_ID=Ubuntu
DISTRIB_RELEASE=16.04
DISTRIB_CODENAME=xenial
DISTRIB_DESCRIPTION="Ubuntu 16.04.4 LTS"

uname:Linux 4.13.0-38-generic #43~16.04.1-Ubuntu SMP Wed Mar 14 17:48:43 UTC 2018 x86_64
libc:glibc 2.23 NPTL 2.23 
rlimit: STACK 8192k, CORE 0k, NPROC 7677, NOFILE 1048576, AS infinity
load average:24.67 11.27 4.91

/proc/meminfo:
MemTotal:        2018080 kB
MemFree:           53008 kB
MemAvailable:          0 kB
Buffers:             264 kB
Cached:            34860 kB
SwapCached:          108 kB
Active:          1137548 kB
Inactive:         380420 kB
Active(anon):    1136236 kB
Inactive(anon):   378880 kB
Active(file):       1312 kB
Inactive(file):     1540 kB
Unevictable:          80 kB
Mlocked:              80 kB
SwapTotal:       1046524 kB
SwapFree:              0 kB
Dirty:                 8 kB
Writeback:            52 kB
AnonPages:       1482880 kB
Mapped:             2052 kB
Shmem:             32208 kB
Slab:              80796 kB
SReclaimable:      28144 kB
SUnreclaim:        52652 kB
KernelStack:       14016 kB
PageTables:        40500 kB
NFS_Unstable:          0 kB
Bounce:                0 kB
WritebackTmp:          0 kB
CommitLimit:     2055564 kB
Committed_AS:    7019672 kB
VmallocTotal:   34359738367 kB
VmallocUsed:           0 kB
VmallocChunk:          0 kB
HardwareCorrupted:     0 kB
AnonHugePages:         0 kB
ShmemHugePages:        0 kB
ShmemPmdMapped:        0 kB
CmaTotal:              0 kB
CmaFree:               0 kB
HugePages_Total:       0
HugePages_Free:        0
HugePages_Rsvd:        0
HugePages_Surp:        0
Hugepagesize:       2048 kB
DirectMap4k:      128896 kB
DirectMap2M:     1968128 kB
DirectMap1G:           0 kB


CPU:total 2 (initial active 2) (1 cores per cpu, 1 threads per core) family 6 model 69 stepping 1, cmov, cx8, fxsr, mmx, sse, sse2, sse3, ssse3, sse4.1, sse4.2, popcnt, avx, avx2, aes, clmul, erms, lzcnt, tsc, tscinvbit, bmi1, bmi2

/proc/cpuinfo:
processor	: 0
vendor_id	: GenuineIntel
cpu family	: 6
model		: 69
model name	: Intel(R) Core(TM) i7-4578U CPU @ 3.00GHz
stepping	: 1
microcode	: 0x23
cpu MHz		: 2999.736
cache size	: 4096 KB
physical id	: 0
siblings	: 1
core id		: 0
cpu cores	: 1
apicid		: 0
initial apicid	: 0
fpu		: yes
fpu_exception	: yes
cpuid level	: 13
wp		: yes
flags		: fpu vme de pse tsc msr pae mce cx8 apic sep mtrr pge mca cmov pat pse36 clflush mmx fxsr sse sse2 ss syscall nx pdpe1gb rdtscp lm constant_tsc arch_perfmon nopl xtopology tsc_reliable nonstop_tsc cpuid pni pclmulqdq ssse3 fma cx16 pcid sse4_1 sse4_2 x2apic movbe popcnt tsc_deadline_timer aes xsave avx f16c rdrand hypervisor lahf_lm abm cpuid_fault invpcid_single pti retpoline fsgsbase tsc_adjust bmi1 avx2 smep bmi2 invpcid xsaveopt arat
bugs		: cpu_meltdown spectre_v1 spectre_v2
bogomips	: 5999.47
clflush size	: 64
cache_alignment	: 64
address sizes	: 43 bits physical, 48 bits virtual
power management:

processor	: 1
vendor_id	: GenuineIntel
cpu family	: 6
model		: 69
model name	: Intel(R) Core(TM) i7-4578U CPU @ 3.00GHz
stepping	: 1
microcode	: 0x23
cpu MHz		: 2999.736
cache size	: 4096 KB
physical id	: 2
siblings	: 1
core id		: 0
cpu cores	: 1
apicid		: 2
initial apicid	: 2
fpu		: yes
fpu_exception	: yes
cpuid level	: 13
wp		: yes
flags		: fpu vme de pse tsc msr pae mce cx8 apic sep mtrr pge mca cmov pat pse36 clflush mmx fxsr sse sse2 ss syscall nx pdpe1gb rdtscp lm constant_tsc arch_perfmon nopl xtopology tsc_reliable nonstop_tsc cpuid pni pclmulqdq ssse3 fma cx16 pcid sse4_1 sse4_2 x2apic movbe popcnt tsc_deadline_timer aes xsave avx f16c rdrand hypervisor lahf_lm abm cpuid_fault invpcid_single pti retpoline fsgsbase tsc_adjust bmi1 avx2 smep bmi2 invpcid xsaveopt arat
bugs		: cpu_meltdown spectre_v1 spectre_v2
bogomips	: 5999.47
clflush size	: 64
cache_alignment	: 64
address sizes	: 43 bits physical, 48 bits virtual
power management:



Memory: 4k page, physical 2018080k(52612k free), swap 1046524k(0k free)

vm_info: OpenJDK 64-Bit Server VM (25.162-b12) for linux-amd64 JRE (1.8.0_162-8u162-b12-0ubuntu0.16.04.2-b12), built on Mar 14 2018 12:11:18 by "buildd" with gcc 5.4.0 20160609

time: Mon Apr 23 01:56:56 2018
elapsed time: 240 seconds (0d 0h 4m 0s)

