#
# There is insufficient memory for the Java Runtime Environment to continue.
# Native memory allocation (mmap) failed to map 36175872 bytes for committing reserved memory.
# Possible reasons:
#   The system is out of physical RAM or swap space
#   In 32 bit mode, the process size limit was hit
# Possible solutions:
#   Reduce memory load on the system
#   Increase physical memory or swap space
#   Check if swap backing store is full
#   Use 64 bit Java on a 64 bit OS
#   Decrease Java heap size (-Xmx/-Xms)
#   Decrease number of Java threads
#   Decrease Java thread stack sizes (-Xss)
#   Set larger code cache with -XX:ReservedCodeCacheSize=
# This output file may be truncated or incomplete.
#
#  Out of Memory Error (os_linux.cpp:2643), pid=5503, tid=0x00007f67b7dfd700
#
# JRE version: OpenJDK Runtime Environment (8.0_162-b12) (build 1.8.0_162-8u162-b12-0ubuntu0.16.04.2-b12)
# Java VM: OpenJDK 64-Bit Server VM (25.162-b12 mixed mode linux-amd64 compressed oops)
# Failed to write core dump. Core dumps have been disabled. To enable core dumping, try "ulimit -c unlimited" before starting Java again
#

---------------  T H R E A D  ---------------

Current thread (0x00007f67cc074800):  VMThread [stack: 0x00007f67b7cfd000,0x00007f67b7dfe000] [id=5508]

Stack: [0x00007f67b7cfd000,0x00007f67b7dfe000],  sp=0x00007f67b7dfc480,  free space=1021k
Native frames: (J=compiled Java code, j=interpreted, Vv=VM code, C=native code)
V  [libjvm.so+0xa6d16b]
V  [libjvm.so+0x4c698c]
V  [libjvm.so+0x8b9e18]
V  [libjvm.so+0x8b41ae]
V  [libjvm.so+0x92f596]
V  [libjvm.so+0x91ec2a]
V  [libjvm.so+0x91ee33]
V  [libjvm.so+0x91f798]
V  [libjvm.so+0x925a5e]
V  [libjvm.so+0x92d3fd]
V  [libjvm.so+0x8deb53]
V  [libjvm.so+0xa6ee12]
V  [libjvm.so+0xa73fd7]
V  [libjvm.so+0xa716d7]
V  [libjvm.so+0xa72b5f]
V  [libjvm.so+0xa73051]
V  [libjvm.so+0x8b7222]

VM_Operation (0x00007f67d5141960): ParallelGCFailedAllocation, mode: safepoint, requested by thread 0x00007f67cc00b000


---------------  P R O C E S S  ---------------

Java Threads: ( => current thread )
  0x00007f67cd15e800 JavaThread "Worker-1" [_thread_blocked, id=5531, stack(0x00007f67b4221000,0x00007f67b4322000)]
  0x00007f67cd147800 JavaThread "Provisioning Event Dispatcher" daemon [_thread_blocked, id=5530, stack(0x00007f67b4322000,0x00007f67b4423000)]
  0x00007f67cd11c000 JavaThread "Worker-0" [_thread_blocked, id=5529, stack(0x00007f67b4a48000,0x00007f67b4b49000)]
  0x00007f67ccdd0000 JavaThread "Worker-JM" [_thread_blocked, id=5527, stack(0x00007f67b5261000,0x00007f67b5362000)]
  0x00007f67ccc3a800 JavaThread "[ThreadPool Manager] - Idle Thread" [_thread_blocked, id=5526, stack(0x00007f67b5563000,0x00007f67b5664000)]
  0x00007f67ccc41800 JavaThread "[Timer] - Main Queue Handler" [_thread_blocked, id=5525, stack(0x00007f67b5864000,0x00007f67b5965000)]
  0x00007f67cca2e800 JavaThread "Start Level Event Dispatcher" daemon [_thread_blocked, id=5523, stack(0x00007f67b59fe000,0x00007f67b5aff000)]
  0x00007f67cca2c800 JavaThread "Framework Event Dispatcher" daemon [_thread_blocked, id=5522, stack(0x00007f67b5aff000,0x00007f67b5c00000)]
  0x00007f67cca22800 JavaThread "State Saver" [_thread_blocked, id=5521, stack(0x00007f67b5c00000,0x00007f67b5d01000)]
  0x00007f67cc9c0800 JavaThread "Framework Active Thread" [_thread_blocked, id=5520, stack(0x00007f67b5d04000,0x00007f67b5e05000)]
  0x00007f67cc0b0000 JavaThread "Service Thread" daemon [_thread_blocked, id=5514, stack(0x00007f67b6d38000,0x00007f67b6e39000)]
  0x00007f67cc0ad000 JavaThread "C1 CompilerThread1" daemon [_thread_blocked, id=5513, stack(0x00007f67b6e39000,0x00007f67b6f3a000)]
  0x00007f67cc0aa000 JavaThread "C2 CompilerThread0" daemon [_thread_blocked, id=5512, stack(0x00007f67b6f3a000,0x00007f67b703b000)]
  0x00007f67cc0a8000 JavaThread "Signal Dispatcher" daemon [_thread_blocked, id=5511, stack(0x00007f67b703b000,0x00007f67b713c000)]
  0x00007f67cc080800 JavaThread "Finalizer" daemon [_thread_blocked, id=5510, stack(0x00007f67b7afb000,0x00007f67b7bfc000)]
  0x00007f67cc07c000 JavaThread "Reference Handler" daemon [_thread_blocked, id=5509, stack(0x00007f67b7bfc000,0x00007f67b7cfd000)]
  0x00007f67cc00b000 JavaThread "main" [_thread_blocked, id=5505, stack(0x00007f67d5044000,0x00007f67d5145000)]

Other Threads:
=>0x00007f67cc074800 VMThread [stack: 0x00007f67b7cfd000,0x00007f67b7dfe000] [id=5508]
  0x00007f67cc0b7000 WatcherThread [stack: 0x00007f67b6c37000,0x00007f67b6d38000] [id=5515]

VM state:at safepoint (normal execution)

VM Mutex/Monitor currently owned by a thread:  ([mutex/lock_event])
[0x00007f67cc006bf0] ExpandHeap_lock - owner thread: 0x00007f67cc074800
[0x00007f67cc007270] Threads_lock - owner thread: 0x00007f67cc074800
[0x00007f67cc007770] Heap_lock - owner thread: 0x00007f67cc00b000

Heap:
 PSYoungGen      total 151552K, used 0K [0x00000000f5b80000, 0x0000000100000000, 0x0000000100000000)
  eden space 134656K, 0% used [0x00000000f5b80000,0x00000000f5b80000,0x00000000fdf00000)
  from space 16896K, 0% used [0x00000000fef80000,0x00000000fef80000,0x0000000100000000)
  to   space 16896K, 0% used [0x00000000fdf00000,0x00000000fdf00000,0x00000000fef80000)
 ParOldGen       total 54784K, used 51860K [0x00000000e1200000, 0x00000000e4780000, 0x00000000f5b80000)
  object space 54784K, 94% used [0x00000000e1200000,0x00000000e44a5050,0x00000000e4780000)
 Metaspace       used 29214K, capacity 31042K, committed 31360K, reserved 1077248K
  class space    used 3536K, capacity 4157K, committed 4224K, reserved 1048576K

Card table byte_map: [0x00007f67d15fa000,0x00007f67d16f2000] byte_map_base: 0x00007f67d0ef1000

Marking Bits: (ParMarkBitMap*) 0x00007f67d430b300
 Begin Bits: [0x00007f67d0488000, 0x00007f67d0c40000)
 End Bits:   [0x00007f67d0c40000, 0x00007f67d13f8000)

Polling page: 0x00007f67d515f000

CodeCache: size=245760Kb used=13104Kb max_used=13176Kb free=232655Kb
 bounds [0x00007f67bd000000, 0x00007f67bdd10000, 0x00007f67cc000000]
 total_blobs=4325 nmethods=3908 adapters=330
 compilation: enabled

Compilation events (10 events):
Event: 22.252 Thread 0x00007f67cc0aa000 4540       4       com.sun.org.apache.xerces.internal.utils.SecuritySupport$4::run (8 bytes)
Event: 22.259 Thread 0x00007f67cc0aa000 nmethod 4540 0x00007f67bdc86b50 code [0x00007f67bdc86ca0, 0x00007f67bdc86d28]
Event: 22.261 Thread 0x00007f67cc0ad000 4541   !   3       com.sun.org.apache.xerces.internal.impl.XMLDocumentScannerImpl$PrologDriver::next (1131 bytes)
Event: 22.318 Thread 0x00007f67cc0ad000 nmethod 4541 0x00007f67bda00650 code [0x00007f67bda00cc0, 0x00007f67bda05278]
Event: 22.433 Thread 0x00007f67cc0ad000 4542       3       java.net.URI::access$2202 (7 bytes)
Event: 22.438 Thread 0x00007f67cc0ad000 nmethod 4542 0x00007f67bdb83d90 code [0x00007f67bdb83ee0, 0x00007f67bdb84030]
Event: 22.466 Thread 0x00007f67cc0aa000 4543   !   4       com.sun.org.apache.xerces.internal.parsers.AbstractSAXParser::endGeneralEntity (52 bytes)
Event: 22.627 Thread 0x00007f67cc0aa000 nmethod 4543 0x00007f67bd9fec50 code [0x00007f67bd9feda0, 0x00007f67bd9fee38]
Event: 22.629 Thread 0x00007f67cc0aa000 4544   !   4       com.sun.org.apache.xerces.internal.parsers.AbstractSAXParser::startGeneralEntity (76 bytes)
Event: 22.629 Thread 0x00007f67cc0aa000 nmethod 4544 0x00007f67bd4b9010 code [0x00007f67bd4b9160, 0x00007f67bd4b91f8]

GC Heap History (10 events):
Event: 16.396 GC heap after
Heap after GC invocations=18 (full 2):
 PSYoungGen      total 119808K, used 7292K [0x00000000f5b80000, 0x00000000fe600000, 0x0000000100000000)
  eden space 112128K, 0% used [0x00000000f5b80000,0x00000000f5b80000,0x00000000fc900000)
  from space 7680K, 94% used [0x00000000fde80000,0x00000000fe59f2f0,0x00000000fe600000)
  to   space 13312K, 0% used [0x00000000fcc00000,0x00000000fcc00000,0x00000000fd900000)
 ParOldGen       total 54784K, used 32944K [0x00000000e1200000, 0x00000000e4780000, 0x00000000f5b80000)
  object space 54784K, 60% used [0x00000000e1200000,0x00000000e322c150,0x00000000e4780000)
 Metaspace       used 29159K, capacity 31036K, committed 31104K, reserved 1077248K
  class space    used 3536K, capacity 4156K, committed 4224K, reserved 1048576K
}
Event: 16.921 GC heap before
{Heap before GC invocations=19 (full 2):
 PSYoungGen      total 119808K, used 119420K [0x00000000f5b80000, 0x00000000fe600000, 0x0000000100000000)
  eden space 112128K, 100% used [0x00000000f5b80000,0x00000000fc900000,0x00000000fc900000)
  from space 7680K, 94% used [0x00000000fde80000,0x00000000fe59f2f0,0x00000000fe600000)
  to   space 13312K, 0% used [0x00000000fcc00000,0x00000000fcc00000,0x00000000fd900000)
 ParOldGen       total 54784K, used 32944K [0x00000000e1200000, 0x00000000e4780000, 0x00000000f5b80000)
  object space 54784K, 60% used [0x00000000e1200000,0x00000000e322c150,0x00000000e4780000)
 Metaspace       used 29181K, capacity 31036K, committed 31104K, reserved 1077248K
  class space    used 3536K, capacity 4156K, committed 4224K, reserved 1048576K
Event: 16.949 GC heap after
Heap after GC invocations=19 (full 2):
 PSYoungGen      total 128512K, used 13309K [0x00000000f5b80000, 0x00000000fff00000, 0x0000000100000000)
  eden space 115200K, 0% used [0x00000000f5b80000,0x00000000f5b80000,0x00000000fcc00000)
  from space 13312K, 99% used [0x00000000fcc00000,0x00000000fd8ff7d0,0x00000000fd900000)
  to   space 15872K, 0% used [0x00000000fef80000,0x00000000fef80000,0x00000000fff00000)
 ParOldGen       total 54784K, used 34400K [0x00000000e1200000, 0x00000000e4780000, 0x00000000f5b80000)
  object space 54784K, 62% used [0x00000000e1200000,0x00000000e3398150,0x00000000e4780000)
 Metaspace       used 29181K, capacity 31036K, committed 31104K, reserved 1077248K
  class space    used 3536K, capacity 4156K, committed 4224K, reserved 1048576K
}
Event: 19.120 GC heap before
{Heap before GC invocations=20 (full 2):
 PSYoungGen      total 128512K, used 128509K [0x00000000f5b80000, 0x00000000fff00000, 0x0000000100000000)
  eden space 115200K, 100% used [0x00000000f5b80000,0x00000000fcc00000,0x00000000fcc00000)
  from space 13312K, 99% used [0x00000000fcc00000,0x00000000fd8ff7d0,0x00000000fd900000)
  to   space 15872K, 0% used [0x00000000fef80000,0x00000000fef80000,0x00000000fff00000)
 ParOldGen       total 54784K, used 34400K [0x00000000e1200000, 0x00000000e4780000, 0x00000000f5b80000)
  object space 54784K, 62% used [0x00000000e1200000,0x00000000e3398150,0x00000000e4780000)
 Metaspace       used 29193K, capacity 31042K, committed 31360K, reserved 1077248K
  class space    used 3536K, capacity 4157K, committed 4224K, reserved 1048576K
Event: 19.150 GC heap after
Heap after GC invocations=20 (full 2):
 PSYoungGen      total 152064K, used 6353K [0x00000000f5b80000, 0x00000000ffe80000, 0x0000000100000000)
  eden space 136704K, 0% used [0x00000000f5b80000,0x00000000f5b80000,0x00000000fe100000)
  from space 15360K, 41% used [0x00000000fef80000,0x00000000ff5b4608,0x00000000ffe80000)
  to   space 14848K, 0% used [0x00000000fe100000,0x00000000fe100000,0x00000000fef80000)
 ParOldGen       total 54784K, used 44527K [0x00000000e1200000, 0x00000000e4780000, 0x00000000f5b80000)
  object space 54784K, 81% used [0x00000000e1200000,0x00000000e3d7bf18,0x00000000e4780000)
 Metaspace       used 29193K, capacity 31042K, committed 31360K, reserved 1077248K
  class space    used 3536K, capacity 4157K, committed 4224K, reserved 1048576K
}
Event: 19.822 GC heap before
{Heap before GC invocations=21 (full 2):
 PSYoungGen      total 152064K, used 143057K [0x00000000f5b80000, 0x00000000ffe80000, 0x0000000100000000)
  eden space 136704K, 100% used [0x00000000f5b80000,0x00000000fe100000,0x00000000fe100000)
  from space 15360K, 41% used [0x00000000fef80000,0x00000000ff5b4608,0x00000000ffe80000)
  to   space 14848K, 0% used [0x00000000fe100000,0x00000000fe100000,0x00000000fef80000)
 ParOldGen       total 54784K, used 44527K [0x00000000e1200000, 0x00000000e4780000, 0x00000000f5b80000)
  object space 54784K, 81% used [0x00000000e1200000,0x00000000e3d7bf18,0x00000000e4780000)
 Metaspace       used 29195K, capacity 31042K, committed 31360K, reserved 1077248K
  class space    used 3536K, capacity 4157K, committed 4224K, reserved 1048576K
Event: 19.860 GC heap after
Heap after GC invocations=21 (full 2):
 PSYoungGen      total 151552K, used 14845K [0x00000000f5b80000, 0x0000000100000000, 0x0000000100000000)
  eden space 136704K, 0% used [0x00000000f5b80000,0x00000000f5b80000,0x00000000fe100000)
  from space 14848K, 99% used [0x00000000fe100000,0x00000000fef7f618,0x00000000fef80000)
  to   space 16896K, 0% used [0x00000000fef80000,0x00000000fef80000,0x0000000100000000)
 ParOldGen       total 54784K, used 44815K [0x00000000e1200000, 0x00000000e4780000, 0x00000000f5b80000)
  object space 54784K, 81% used [0x00000000e1200000,0x00000000e3dc3f18,0x00000000e4780000)
 Metaspace       used 29195K, capacity 31042K, committed 31360K, reserved 1077248K
  class space    used 3536K, capacity 4157K, committed 4224K, reserved 1048576K
}
Event: 22.748 GC heap before
{Heap before GC invocations=22 (full 2):
 PSYoungGen      total 151552K, used 151549K [0x00000000f5b80000, 0x0000000100000000, 0x0000000100000000)
  eden space 136704K, 100% used [0x00000000f5b80000,0x00000000fe100000,0x00000000fe100000)
  from space 14848K, 99% used [0x00000000fe100000,0x00000000fef7f618,0x00000000fef80000)
  to   space 16896K, 0% used [0x00000000fef80000,0x00000000fef80000,0x0000000100000000)
 ParOldGen       total 54784K, used 44815K [0x00000000e1200000, 0x00000000e4780000, 0x00000000f5b80000)
  object space 54784K, 81% used [0x00000000e1200000,0x00000000e3dc3f18,0x00000000e4780000)
 Metaspace       used 29214K, capacity 31042K, committed 31360K, reserved 1077248K
  class space    used 3536K, capacity 4157K, committed 4224K, reserved 1048576K
Event: 22.812 GC heap after
Heap after GC invocations=22 (full 2):
 PSYoungGen      total 151552K, used 3712K [0x00000000f5b80000, 0x0000000100000000, 0x0000000100000000)
  eden space 134656K, 0% used [0x00000000f5b80000,0x00000000f5b80000,0x00000000fdf00000)
  from space 16896K, 21% used [0x00000000fef80000,0x00000000ff320088,0x0000000100000000)
  to   space 16896K, 0% used [0x00000000fdf00000,0x00000000fdf00000,0x00000000fef80000)
 ParOldGen       total 54784K, used 49439K [0x00000000e1200000, 0x00000000e4780000, 0x00000000f5b80000)
  object space 54784K, 90% used [0x00000000e1200000,0x00000000e4247f38,0x00000000e4780000)
 Metaspace       used 29214K, capacity 31042K, committed 31360K, reserved 1077248K
  class space    used 3536K, capacity 4157K, committed 4224K, reserved 1048576K
}
Event: 22.816 GC heap before
{Heap before GC invocations=23 (full 3):
 PSYoungGen      total 151552K, used 3712K [0x00000000f5b80000, 0x0000000100000000, 0x0000000100000000)
  eden space 134656K, 0% used [0x00000000f5b80000,0x00000000f5b80000,0x00000000fdf00000)
  from space 16896K, 21% used [0x00000000fef80000,0x00000000ff320088,0x0000000100000000)
  to   space 16896K, 0% used [0x00000000fdf00000,0x00000000fdf00000,0x00000000fef80000)
 ParOldGen       total 54784K, used 49439K [0x00000000e1200000, 0x00000000e4780000, 0x00000000f5b80000)
  object space 54784K, 90% used [0x00000000e1200000,0x00000000e4247f38,0x00000000e4780000)
 Metaspace       used 29214K, capacity 31042K, committed 31360K, reserved 1077248K
  class space    used 3536K, capacity 4157K, committed 4224K, reserved 1048576K

Deoptimization events (10 events):
Event: 12.353 Thread 0x00007f67cc00b000 Uncommon trap: reason=unstable_if action=reinterpret pc=0x00007f67bd9f4e80 method=com.sun.org.apache.xerces.internal.impl.io.UTF8Reader.read([CII)I @ 131
Event: 12.493 Thread 0x00007f67cc00b000 Uncommon trap: reason=unstable_if action=reinterpret pc=0x00007f67bdbfcd88 method=com.sun.org.apache.xerces.internal.impl.XMLScanner.scanAttributeValue(Lcom/sun/org/apache/xerces/internal/xni/XMLString;Lcom/sun/org/apache/xerces/internal/xni/XMLString;Lja
Event: 13.468 Thread 0x00007f67cc00b000 Uncommon trap: reason=unstable_if action=reinterpret pc=0x00007f67bdc29b6c method=com.sun.org.apache.xerces.internal.util.XMLStringBuffer.append(C)V @ 11
Event: 13.482 Thread 0x00007f67cc00b000 Uncommon trap: reason=unstable_if action=reinterpret pc=0x00007f67bdc7362c method=org.eclipse.equinox.internal.p2.metadata.repository.io.MetadataParser$InstallableUnitHandler.startElement(Ljava/lang/String;Lorg/xml/sax/Attributes;)V @ 603
Event: 14.594 Thread 0x00007f67cc00b000 Uncommon trap: reason=unstable_if action=reinterpret pc=0x00007f67bdc5f760 method=org.eclipse.equinox.internal.p2.metadata.OSGiVersion.equals(Ljava/lang/Object;)Z @ 94
Event: 17.337 Thread 0x00007f67cc00b000 Uncommon trap: reason=unstable_if action=reinterpret pc=0x00007f67bd30ceb4 method=java.util.zip.ZipInputStream.read([BII)I @ 86
Event: 19.627 Thread 0x00007f67cc00b000 Uncommon trap: reason=class_check action=maybe_recompile pc=0x00007f67bd99ab70 method=org.eclipse.equinox.internal.p2.metadata.expression.Expression.hashCode([Lorg/eclipse/equinox/internal/p2/metadata/expression/Expression;)I @ 15
Event: 19.633 Thread 0x00007f67cc00b000 Uncommon trap: reason=class_check action=maybe_recompile pc=0x00007f67bd99ab70 method=org.eclipse.equinox.internal.p2.metadata.expression.Expression.hashCode([Lorg/eclipse/equinox/internal/p2/metadata/expression/Expression;)I @ 15
Event: 19.915 Thread 0x00007f67cc00b000 Uncommon trap: reason=class_check action=maybe_recompile pc=0x00007f67bd99ab70 method=org.eclipse.equinox.internal.p2.metadata.expression.Expression.hashCode([Lorg/eclipse/equinox/internal/p2/metadata/expression/Expression;)I @ 15
Event: 19.915 Thread 0x00007f67cc00b000 Uncommon trap: reason=class_check action=maybe_recompile pc=0x00007f67bd99ab70 method=org.eclipse.equinox.internal.p2.metadata.expression.Expression.hashCode([Lorg/eclipse/equinox/internal/p2/metadata/expression/Expression;)I @ 15

Classes redefined (0 events):
No events

Internal exceptions (10 events):
Event: 6.769 Thread 0x00007f67cc00b000 Exception <a 'java/io/FileNotFoundException'> (0x00000000f61ffea8) thrown at [/build/openjdk-8-OdO8jS/openjdk-8-8u162-b12/src/hotspot/src/share/vm/prims/jni.cpp, line 709]
Event: 6.999 Thread 0x00007f67cc00b000 Implicit null exception at 0x00007f67bd35837b to 0x00007f67bd358965
Event: 7.012 Thread 0x00007f67cc00b000 Implicit null exception at 0x00007f67bd6ae388 to 0x00007f67bd6aee35
Event: 8.855 Thread 0x00007f67cc00b000 Exception <a 'java/lang/NoClassDefFoundError': org/apache/log4j/Category> (0x00000000f6717c70) thrown at [/build/openjdk-8-OdO8jS/openjdk-8-8u162-b12/src/hotspot/src/share/vm/classfile/systemDictionary.cpp, line 199]
Event: 9.818 Thread 0x00007f67cd11c000 Exception <a 'java/lang/InterruptedException': sleep interrupted> (0x00000000f6948940) thrown at [/build/openjdk-8-OdO8jS/openjdk-8-8u162-b12/src/hotspot/src/share/vm/prims/jvm.cpp, line 3228]
Event: 10.023 Thread 0x00007f67cd11c000 Exception <a 'java/lang/NoClassDefFoundError': org/apache/log4j/Category> (0x00000000f6d0b9c8) thrown at [/build/openjdk-8-OdO8jS/openjdk-8-8u162-b12/src/hotspot/src/share/vm/classfile/systemDictionary.cpp, line 199]
Event: 11.430 Thread 0x00007f67cd11c000 Exception <a 'java/lang/InterruptedException': sleep interrupted> (0x00000000f6d2a370) thrown at [/build/openjdk-8-OdO8jS/openjdk-8-8u162-b12/src/hotspot/src/share/vm/prims/jvm.cpp, line 3228]
Event: 15.322 Thread 0x00007f67cd11c000 Exception <a 'java/lang/InterruptedException': sleep interrupted> (0x00000000f7cef540) thrown at [/build/openjdk-8-OdO8jS/openjdk-8-8u162-b12/src/hotspot/src/share/vm/prims/jvm.cpp, line 3228]
Event: 18.186 Thread 0x00007f67cd11c000 Exception <a 'java/lang/InterruptedException': sleep interrupted> (0x00000000fb26c8c0) thrown at [/build/openjdk-8-OdO8jS/openjdk-8-8u162-b12/src/hotspot/src/share/vm/prims/jvm.cpp, line 3228]
Event: 20.988 Thread 0x00007f67cd11c000 Exception <a 'java/lang/InterruptedException': sleep interrupted> (0x00000000fb2b24f8) thrown at [/build/openjdk-8-OdO8jS/openjdk-8-8u162-b12/src/hotspot/src/share/vm/prims/jvm.cpp, line 3228]

Events (10 events):
Event: 21.110 Executing VM operation: RevokeBias
Event: 21.110 Executing VM operation: RevokeBias done
Event: 21.131 Thread 0x00007f67cc0ad000 flushing nmethod 0x00007f67bd170050
Event: 21.159 Thread 0x00007f67cc0aa000 flushing nmethod 0x00007f67bd1bcf50
Event: 21.654 Thread 0x00007f67cc0ad000 flushing nmethod 0x00007f67bd334590
Event: 22.192 Thread 0x00007f67cc0ad000 flushing nmethod 0x00007f67bd4b8dd0
Event: 22.342 Thread 0x00007f67cc0ad000 flushing nmethod 0x00007f67bd5d4990
Event: 22.439 Thread 0x00007f67cc0ad000 flushing nmethod 0x00007f67bd6c3510
Event: 22.439 Thread 0x00007f67cc0ad000 flushing nmethod 0x00007f67bd6e47d0
Event: 22.738 Executing VM operation: ParallelGCFailedAllocation


Dynamic libraries:
00400000-00401000 r-xp 00000000 08:01 2046                               /usr/lib/jvm/java-8-openjdk-amd64/jre/bin/java
00600000-00601000 r--p 00000000 08:01 2046                               /usr/lib/jvm/java-8-openjdk-amd64/jre/bin/java
00601000-00602000 rw-p 00001000 08:01 2046                               /usr/lib/jvm/java-8-openjdk-amd64/jre/bin/java
00b29000-00b92000 rw-p 00000000 00:00 0                                  [heap]
e1200000-e4780000 rw-p 00000000 00:00 0 
e6a00000-f5b80000 ---p 00000000 00:00 0 
f5b80000-100000000 rw-p 00000000 00:00 0 
100000000-100420000 rw-p 00000000 00:00 0 
100420000-140000000 ---p 00000000 00:00 0 
7f6778000000-7f6778021000 rw-p 00000000 00:00 0 
7f6778021000-7f677c000000 ---p 00000000 00:00 0 
7f6780000000-7f6780021000 rw-p 00000000 00:00 0 
7f6780021000-7f6784000000 ---p 00000000 00:00 0 
7f6784000000-7f6784031000 rw-p 00000000 00:00 0 
7f6784031000-7f6788000000 ---p 00000000 00:00 0 
7f6788000000-7f678803c000 rw-p 00000000 00:00 0 
7f678803c000-7f678c000000 ---p 00000000 00:00 0 
7f678c000000-7f678c021000 rw-p 00000000 00:00 0 
7f678c021000-7f6790000000 ---p 00000000 00:00 0 
7f6790fff000-7f6794000000 rw-p 00000000 00:00 0 
7f6794000000-7f679478d000 rw-p 00000000 00:00 0 
7f679478d000-7f6798000000 ---p 00000000 00:00 0 
7f6798000000-7f679802b000 rw-p 00000000 00:00 0 
7f679802b000-7f679c000000 ---p 00000000 00:00 0 
7f679c000000-7f679c021000 rw-p 00000000 00:00 0 
7f679c021000-7f67a0000000 ---p 00000000 00:00 0 
7f67a0000000-7f67a10d0000 rw-p 00000000 00:00 0 
7f67a10d0000-7f67a4000000 ---p 00000000 00:00 0 
7f67a4000000-7f67a4021000 rw-p 00000000 00:00 0 
7f67a4021000-7f67a8000000 ---p 00000000 00:00 0 
7f67a8000000-7f67a8021000 rw-p 00000000 00:00 0 
7f67a8021000-7f67ac000000 ---p 00000000 00:00 0 
7f67ac000000-7f67ac04b000 rw-p 00000000 00:00 0 
7f67ac04b000-7f67b0000000 ---p 00000000 00:00 0 
7f67b0000000-7f67b0021000 rw-p 00000000 00:00 0 
7f67b0021000-7f67b4000000 ---p 00000000 00:00 0 
7f67b4021000-7f67b40a1000 rw-p 00000000 00:00 0 
7f67b40a1000-7f67b4221000 ---p 00000000 00:00 0 
7f67b4221000-7f67b4224000 ---p 00000000 00:00 0 
7f67b4224000-7f67b4322000 rw-p 00000000 00:00 0 
7f67b4322000-7f67b4325000 ---p 00000000 00:00 0 
7f67b4325000-7f67b4423000 rw-p 00000000 00:00 0 
7f67b4423000-7f67b443a000 r-xp 00000000 08:01 399261                     /lib/x86_64-linux-gnu/libresolv-2.23.so
7f67b443a000-7f67b463a000 ---p 00017000 08:01 399261                     /lib/x86_64-linux-gnu/libresolv-2.23.so
7f67b463a000-7f67b463b000 r--p 00017000 08:01 399261                     /lib/x86_64-linux-gnu/libresolv-2.23.so
7f67b463b000-7f67b463c000 rw-p 00018000 08:01 399261                     /lib/x86_64-linux-gnu/libresolv-2.23.so
7f67b463c000-7f67b463e000 rw-p 00000000 00:00 0 
7f67b463e000-7f67b4643000 r-xp 00000000 08:01 399206                     /lib/x86_64-linux-gnu/libnss_dns-2.23.so
7f67b4643000-7f67b4843000 ---p 00005000 08:01 399206                     /lib/x86_64-linux-gnu/libnss_dns-2.23.so
7f67b4843000-7f67b4844000 r--p 00005000 08:01 399206                     /lib/x86_64-linux-gnu/libnss_dns-2.23.so
7f67b4844000-7f67b4845000 rw-p 00006000 08:01 399206                     /lib/x86_64-linux-gnu/libnss_dns-2.23.so
7f67b4845000-7f67b4847000 r-xp 00000000 08:01 399214                     /lib/x86_64-linux-gnu/libnss_mdns4_minimal.so.2
7f67b4847000-7f67b4a46000 ---p 00002000 08:01 399214                     /lib/x86_64-linux-gnu/libnss_mdns4_minimal.so.2
7f67b4a46000-7f67b4a47000 r--p 00001000 08:01 399214                     /lib/x86_64-linux-gnu/libnss_mdns4_minimal.so.2
7f67b4a47000-7f67b4a48000 rw-p 00002000 08:01 399214                     /lib/x86_64-linux-gnu/libnss_mdns4_minimal.so.2
7f67b4a48000-7f67b4a4b000 ---p 00000000 00:00 0 
7f67b4a4b000-7f67b4b49000 rw-p 00000000 00:00 0 
7f67b4b49000-7f67b4b71000 r-xp 00000000 08:01 1058923                    /usr/lib/jvm/java-8-openjdk-amd64/jre/lib/amd64/libsunec.so
7f67b4b71000-7f67b4d71000 ---p 00028000 08:01 1058923                    /usr/lib/jvm/java-8-openjdk-amd64/jre/lib/amd64/libsunec.so
7f67b4d71000-7f67b4d75000 r--p 00028000 08:01 1058923                    /usr/lib/jvm/java-8-openjdk-amd64/jre/lib/amd64/libsunec.so
7f67b4d75000-7f67b4d76000 rw-p 0002c000 08:01 1058923                    /usr/lib/jvm/java-8-openjdk-amd64/jre/lib/amd64/libsunec.so
7f67b4d76000-7f67b4f76000 rw-p 00000000 00:00 0 
7f67b4f76000-7f67b5176000 rw-p 00000000 00:00 0 
7f67b5176000-7f67b5178000 r--s 0000c000 08:01 836522                     /home/lephuc/.m2/repository/org/apache/commons/commons-exec/1.2/commons-exec-1.2.jar
7f67b5258000-7f67b525d000 r--s 0004a000 08:01 298367                     /home/lephuc/.m2/repository/org/ow2/asm/asm-debug-all/4.0/asm-debug-all-4.0.jar
7f67b525d000-7f67b525e000 r--s 00004000 08:01 298365                     /home/lephuc/.m2/repository/org/eclipse/tycho/tycho-artifactcomparator/0.20.0/tycho-artifactcomparator-0.20.0.jar
7f67b525e000-7f67b5260000 r--s 00005000 08:01 536003                     /home/lephuc/.m2/repository/org/eclipse/tycho/sisu-equinox-launching/0.20.0/sisu-equinox-launching-0.20.0.jar
7f67b5260000-7f67b5261000 r--s 00005000 08:01 298351                     /home/lephuc/.m2/repository/org/eclipse/tycho/tycho-p2-plugin/0.20.0/tycho-p2-plugin-0.20.0.jar
7f67b5261000-7f67b5264000 ---p 00000000 00:00 0 
7f67b5264000-7f67b5562000 rw-p 00000000 00:00 0 
7f67b5562000-7f67b5563000 r--s 00001000 08:01 298281                     /home/lephuc/.m2/repository/org/eclipse/tycho/tycho-bundles-external/0.20.0/eclipse/plugins/org.eclipse.core.runtime.compatibility.registry_3.5.200.v20130514-1256/runtime_registry_compatibility.jar
7f67b5563000-7f67b5566000 ---p 00000000 00:00 0 
7f67b5566000-7f67b5864000 rw-p 00000000 00:00 0 
7f67b5864000-7f67b5867000 ---p 00000000 00:00 0 
7f67b5867000-7f67b5965000 rw-p 00000000 00:00 0 
7f67b5965000-7f67b5967000 r--s 00007000 08:01 535992                     /home/lephuc/.m2/repository/org/eclipse/tycho/org.eclipse.tycho.p2.tools.impl/0.20.0/org.eclipse.tycho.p2.tools.impl-0.20.0.jar
7f67b5967000-7f67b596b000 r--s 0001e000 08:01 298299                     /home/lephuc/.m2/repository/org/eclipse/tycho/org.eclipse.tycho.p2.maven.repository/0.20.0/org.eclipse.tycho.p2.maven.repository-0.20.0.jar
7f67b596b000-7f67b596f000 r--s 00029000 08:01 298296                     /home/lephuc/.m2/repository/org/eclipse/tycho/org.eclipse.tycho.p2.resolver.impl/0.20.0/org.eclipse.tycho.p2.resolver.impl-0.20.0.jar
7f67b596f000-7f67b5973000 r--s 0002d000 08:01 298259                     /home/lephuc/.m2/repository/org/eclipse/tycho/tycho-bundles-external/0.20.0/eclipse/plugins/org.eclipse.equinox.p2.engine_2.3.0.v20130526-2122.jar
7f67b5973000-7f67b5977000 r--s 00035000 08:01 298252                     /home/lephuc/.m2/repository/org/eclipse/tycho/tycho-bundles-external/0.20.0/eclipse/plugins/org.eclipse.equinox.p2.repository.tools_2.1.0.v20130327-2119.jar
7f67b5977000-7f67b597a000 r--s 0002a000 08:01 298245                     /home/lephuc/.m2/repository/org/eclipse/tycho/tycho-bundles-external/0.20.0/eclipse/plugins/org.eclipse.equinox.registry_3.5.301.v20130717-1549.jar
7f67b597a000-7f67b597c000 r--s 00015000 08:01 298271                     /home/lephuc/.m2/repository/org/eclipse/tycho/tycho-bundles-external/0.20.0/eclipse/plugins/org.eclipse.core.contenttype_3.4.200.v20130326-1255.jar
7f67b597c000-7f67b597f000 r--s 00010000 08:01 298277                     /home/lephuc/.m2/repository/org/eclipse/tycho/tycho-bundles-external/0.20.0/eclipse/plugins/org.apache.commons.codec_1.4.0.v201209201156.jar
7f67b597f000-7f67b5984000 r--s 0002e000 08:01 298272                     /home/lephuc/.m2/repository/org/eclipse/tycho/tycho-bundles-external/0.20.0/eclipse/plugins/org.apache.httpcomponents.httpcore_4.1.4.v201203221030.jar
7f67b5984000-7f67b5986000 r--s 00010000 08:01 298269                     /home/lephuc/.m2/repository/org/eclipse/tycho/tycho-bundles-external/0.20.0/eclipse/plugins/org.eclipse.core.net_1.2.200.v20130430-1352.jar
7f67b5986000-7f67b5988000 r--s 0000a000 08:01 298261                     /home/lephuc/.m2/repository/org/eclipse/tycho/tycho-bundles-external/0.20.0/eclipse/plugins/org.eclipse.equinox.p2.director.app_1.0.300.v20130819-1621.jar
7f67b5988000-7f67b598a000 r--s 00005000 08:01 298258                     /home/lephuc/.m2/repository/org/eclipse/tycho/tycho-bundles-external/0.20.0/eclipse/plugins/org.eclipse.equinox.p2.garbagecollector_1.0.200.v20130327-2119.jar
7f67b598a000-7f67b598c000 r--s 00000000 08:01 298238                     /home/lephuc/.m2/repository/org/eclipse/tycho/tycho-bundles-external/0.20.0/eclipse/plugins/org.eclipse.tycho.noopsecurity_0.20.0.jar
7f67b598c000-7f67b598e000 r--s 0000f000 08:01 298274                     /home/lephuc/.m2/repository/org/eclipse/tycho/tycho-bundles-external/0.20.0/eclipse/plugins/org.apache.commons.logging_1.1.1.v201101211721.jar
7f67b598e000-7f67b5990000 r--s 00009000 08:01 298248                     /home/lephuc/.m2/repository/org/eclipse/tycho/tycho-bundles-external/0.20.0/eclipse/plugins/org.eclipse.equinox.p2.transport.ecf_1.1.0.v20130516-1858.jar
7f67b5990000-7f67b5993000 r--s 0000f000 08:01 298262                     /home/lephuc/.m2/repository/org/eclipse/tycho/tycho-bundles-external/0.20.0/eclipse/plugins/org.eclipse.equinox.p2.core_2.3.0.v20130327-2119.jar
7f67b5993000-7f67b5996000 r--s 0001d000 08:01 298250                     /home/lephuc/.m2/repository/org/eclipse/tycho/tycho-bundles-external/0.20.0/eclipse/plugins/org.eclipse.equinox.p2.touchpoint.eclipse_2.1.200.v20130327-2119.jar
7f67b5996000-7f67b599c000 r--s 00053000 08:01 298237                     /home/lephuc/.m2/repository/org/eclipse/tycho/tycho-bundles-external/0.20.0/eclipse/plugins/org.sat4j.core_2.3.5.v201308161310.jar
7f67b599c000-7f67b599d000 r--s 00002000 08:01 298287                     /home/lephuc/.m2/repository/org/eclipse/tycho/tycho-bundles-external/0.20.0/eclipse/plugins/org.eclipse.ecf.provider.filetransfer.ssl_1.0.0.v20130604-1622.jar
7f67b599d000-7f67b59a0000 r--s 0000f000 08:01 298286                     /home/lephuc/.m2/repository/org/eclipse/tycho/tycho-bundles-external/0.20.0/eclipse/plugins/org.eclipse.ecf.provider.filetransfer.httpclient4_1.0.300.v20130604-1622.jar
7f67b59a0000-7f67b59a7000 r--s 0004c000 08:01 298255                     /home/lephuc/.m2/repository/org/eclipse/tycho/tycho-bundles-external/0.20.0/eclipse/plugins/org.eclipse.equinox.p2.metadata_2.2.0.v20130523-1557.jar
7f67b59a7000-7f67b59aa000 r--s 00018000 08:01 298253                     /home/lephuc/.m2/repository/org/eclipse/tycho/tycho-bundles-external/0.20.0/eclipse/plugins/org.eclipse.equinox.p2.publisher_1.3.0.v20140129-1405.jar
7f67b59aa000-7f67b59ae000 r--s 0001c000 08:01 298251                     /home/lephuc/.m2/repository/org/eclipse/tycho/tycho-bundles-external/0.20.0/eclipse/plugins/org.eclipse.equinox.p2.repository_2.3.0.v20130412-2032.jar
7f67b59ae000-7f67b59af000 r--s 0000c000 08:01 298249                     /home/lephuc/.m2/repository/org/eclipse/tycho/tycho-bundles-external/0.20.0/eclipse/plugins/org.eclipse.equinox.p2.touchpoint.natives_1.1.100.v20130327-2119.jar
7f67b59af000-7f67b59b9000 r--s 00074000 08:01 298273                     /home/lephuc/.m2/repository/org/eclipse/tycho/tycho-bundles-external/0.20.0/eclipse/plugins/org.apache.httpcomponents.httpclient_4.1.3.v201209201135.jar
7f67b59b9000-7f67b59ba000 r--s 00008000 08:01 298265                     /home/lephuc/.m2/repository/org/eclipse/tycho/tycho-bundles-external/0.20.0/eclipse/plugins/org.eclipse.equinox.frameworkadmin_2.0.100.v20130327-2119.jar
7f67b59ba000-7f67b59bd000 r--s 00018000 08:01 298292                     /home/lephuc/.m2/repository/org/eclipse/tycho/tycho-bundles-external/0.20.0/eclipse/plugins/org.eclipse.equinox.common_3.6.200.v20130402-1505.jar
7f67b59bd000-7f67b59c1000 r--s 0001c000 08:01 298288                     /home/lephuc/.m2/repository/org/eclipse/tycho/tycho-bundles-external/0.20.0/eclipse/plugins/org.eclipse.ecf.provider.filetransfer_3.2.0.v20130604-1622.jar
7f67b59c1000-7f67b59c4000 r--s 0000e000 08:01 298257                     /home/lephuc/.m2/repository/org/eclipse/tycho/tycho-bundles-external/0.20.0/eclipse/plugins/org.eclipse.equinox.p2.jarprocessor_1.0.300.v20130327-2119.jar
7f67b59c4000-7f67b59c7000 r--s 0002d000 08:01 298294                     /home/lephuc/.m2/repository/org/eclipse/tycho/tycho-bundles-external/0.20.0/eclipse/plugins/org.eclipse.equinox.ds_1.4.101.v20130813-1853.jar
7f67b59c7000-7f67b59c9000 r--s 0000c000 08:01 298284                     /home/lephuc/.m2/repository/org/eclipse/tycho/tycho-bundles-external/0.20.0/eclipse/plugins/org.eclipse.ecf.identity_3.2.0.v20130604-1622.jar
7f67b59c9000-7f67b59cb000 r--s 00005000 08:01 298243                     /home/lephuc/.m2/repository/org/eclipse/tycho/tycho-bundles-external/0.20.0/eclipse/plugins/org.eclipse.equinox.simpleconfigurator.manipulator_2.0.0.v20130327-2119.jar
7f67b59cb000-7f67b59ce000 r--s 00019000 08:01 298256                     /home/lephuc/.m2/repository/org/eclipse/tycho/tycho-bundles-external/0.20.0/eclipse/plugins/org.eclipse.equinox.p2.metadata.repository_1.2.100.v20130327-2119.jar
7f67b59ce000-7f67b59d0000 r--s 00010000 08:01 298282                     /home/lephuc/.m2/repository/org/eclipse/tycho/tycho-bundles-external/0.20.0/eclipse/plugins/org.eclipse.core.runtime_3.9.100.v20131218-1515.jar
7f67b59d0000-7f67b59d3000 r--s 00014000 08:01 298290                     /home/lephuc/.m2/repository/org/eclipse/tycho/tycho-bundles-external/0.20.0/eclipse/plugins/org.eclipse.ecf_3.2.0.v20130604-1622.jar
7f67b59d3000-7f67b59d4000 r--s 00009000 08:01 298242                     /home/lephuc/.m2/repository/org/eclipse/tycho/tycho-bundles-external/0.20.0/eclipse/plugins/org.eclipse.equinox.simpleconfigurator_1.0.400.v20130327-2119.jar
7f67b59d4000-7f67b59d7000 r--s 00012000 08:01 298240                     /home/lephuc/.m2/repository/org/eclipse/tycho/tycho-bundles-external/0.20.0/eclipse/plugins/org.eclipse.osgi.services_3.3.100.v20130513-1956.jar
7f67b59d7000-7f67b59d9000 r--s 00015000 08:01 298270                     /home/lephuc/.m2/repository/org/eclipse/tycho/tycho-bundles-external/0.20.0/eclipse/plugins/org.eclipse.core.jobs_3.5.300.v20130429-1813.jar
7f67b59d9000-7f67b59da000 r--s 00003000 08:01 298285                     /home/lephuc/.m2/repository/org/eclipse/tycho/tycho-bundles-external/0.20.0/eclipse/plugins/org.eclipse.ecf.provider.filetransfer.httpclient4.ssl_1.0.0.v20130604-1622.jar
7f67b59da000-7f67b59dd000 r--s 00017000 08:01 298260                     /home/lephuc/.m2/repository/org/eclipse/tycho/tycho-bundles-external/0.20.0/eclipse/plugins/org.eclipse.equinox.p2.director_2.3.1.v20140221-1852.jar
7f67b59dd000-7f67b59df000 r--s 0000e000 08:01 298295                     /home/lephuc/.m2/repository/org/eclipse/tycho/tycho-bundles-external/0.20.0/eclipse/plugins/org.eclipse.equinox.frameworkadmin.equinox_1.0.500.v20130327-2119.jar
7f67b59df000-7f67b59e2000 r--s 00013000 08:01 298291                     /home/lephuc/.m2/repository/org/eclipse/tycho/tycho-bundles-external/0.20.0/eclipse/plugins/org.eclipse.equinox.app_1.3.100.v20130327-1442.jar
7f67b59e2000-7f67b59e4000 r--s 00015000 08:01 298247                     /home/lephuc/.m2/repository/org/eclipse/tycho/tycho-bundles-external/0.20.0/eclipse/plugins/org.eclipse.equinox.p2.updatesite_1.0.400.v20130515-2028.jar
7f67b59e4000-7f67b59e7000 r--s 00018000 08:01 298244                     /home/lephuc/.m2/repository/org/eclipse/tycho/tycho-bundles-external/0.20.0/eclipse/plugins/org.eclipse.equinox.security_1.2.0.v20130424-1801.jar
7f67b59e7000-7f67b59e9000 r--s 0000b000 08:01 298264                     /home/lephuc/.m2/repository/org/eclipse/tycho/tycho-bundles-external/0.20.0/eclipse/plugins/org.eclipse.equinox.launcher_1.3.0.v20130327-1440.jar
7f67b59e9000-7f67b59ee000 r--s 00037000 08:01 298236                     /home/lephuc/.m2/repository/org/eclipse/tycho/tycho-bundles-external/0.20.0/eclipse/plugins/org.sat4j.pb_2.3.5.v201308161310.jar
7f67b59ee000-7f67b59f0000 r--s 00005000 08:01 298293                     /home/lephuc/.m2/repository/org/eclipse/tycho/tycho-bundles-external/0.20.0/eclipse/plugins/org.eclipse.equinox.concurrent_1.1.0.v20130327-1442.jar
7f67b59f0000-7f67b59f4000 r--s 0001e000 08:01 298263                     /home/lephuc/.m2/repository/org/eclipse/tycho/tycho-bundles-external/0.20.0/eclipse/plugins/org.eclipse.equinox.p2.artifact.repository_1.1.200.v20130515-2028.jar
7f67b59f4000-7f67b59f7000 r--s 0000a000 08:01 298283                     /home/lephuc/.m2/repository/org/eclipse/tycho/tycho-bundles-external/0.20.0/eclipse/plugins/org.eclipse.ecf.filetransfer_5.0.0.v20130604-1622.jar
7f67b59f7000-7f67b59fb000 r--s 0001c000 08:01 298246                     /home/lephuc/.m2/repository/org/eclipse/tycho/tycho-bundles-external/0.20.0/eclipse/plugins/org.eclipse.equinox.preferences_3.5.100.v20130422-1538.jar
7f67b59fb000-7f67b59fe000 r--s 00030000 08:01 298254                     /home/lephuc/.m2/repository/org/eclipse/tycho/tycho-bundles-external/0.20.0/eclipse/plugins/org.eclipse.equinox.p2.publisher.eclipse_1.1.200.v20130516-1953.jar
7f67b59fe000-7f67b5a01000 ---p 00000000 00:00 0 
7f67b5a01000-7f67b5aff000 rw-p 00000000 00:00 0 
7f67b5aff000-7f67b5b02000 ---p 00000000 00:00 0 
7f67b5b02000-7f67b5c00000 rw-p 00000000 00:00 0 
7f67b5c00000-7f67b5c03000 ---p 00000000 00:00 0 
7f67b5c03000-7f67b5d01000 rw-p 00000000 00:00 0 
7f67b5d01000-7f67b5d04000 r--s 00011000 08:01 298241                     /home/lephuc/.m2/repository/org/eclipse/tycho/tycho-bundles-external/0.20.0/eclipse/plugins/org.eclipse.equinox.util_1.0.500.v20130404-1337.jar
7f67b5d04000-7f67b5d07000 ---p 00000000 00:00 0 
7f67b5d07000-7f67b6005000 rw-p 00000000 00:00 0 
7f67b6005000-7f67b6008000 r--s 00015000 08:01 2036                       /usr/lib/jvm/java-8-openjdk-amd64/jre/lib/jce.jar
7f67b6008000-7f67b6208000 rw-p 00000000 00:00 0 
7f67b6208000-7f67b620a000 r--s 00003000 08:01 298232                     /home/lephuc/.m2/repository/org/eclipse/tycho/org.eclipse.tycho.p2.tools.shared/0.20.0/org.eclipse.tycho.p2.tools.shared-0.20.0.jar
7f67b620a000-7f67b620c000 r--s 00005000 08:01 298230                     /home/lephuc/.m2/repository/org/eclipse/tycho/org.eclipse.tycho.p2.resolver.shared/0.20.0/org.eclipse.tycho.p2.resolver.shared-0.20.0.jar
7f67b620c000-7f67b640c000 rw-p 00000000 00:00 0 
7f67b640c000-7f67b641d000 r-xp 00000000 08:01 1058941                    /usr/lib/jvm/java-8-openjdk-amd64/jre/lib/amd64/libnio.so
7f67b641d000-7f67b661d000 ---p 00011000 08:01 1058941                    /usr/lib/jvm/java-8-openjdk-amd64/jre/lib/amd64/libnio.so
7f67b661d000-7f67b661e000 r--p 00011000 08:01 1058941                    /usr/lib/jvm/java-8-openjdk-amd64/jre/lib/amd64/libnio.so
7f67b661e000-7f67b661f000 rw-p 00012000 08:01 1058941                    /usr/lib/jvm/java-8-openjdk-amd64/jre/lib/amd64/libnio.so
7f67b661f000-7f67b6635000 r-xp 00000000 08:01 1058936                    /usr/lib/jvm/java-8-openjdk-amd64/jre/lib/amd64/libnet.so
7f67b6635000-7f67b6835000 ---p 00016000 08:01 1058936                    /usr/lib/jvm/java-8-openjdk-amd64/jre/lib/amd64/libnet.so
7f67b6835000-7f67b6836000 r--p 00016000 08:01 1058936                    /usr/lib/jvm/java-8-openjdk-amd64/jre/lib/amd64/libnet.so
7f67b6836000-7f67b6837000 rw-p 00017000 08:01 1058936                    /usr/lib/jvm/java-8-openjdk-amd64/jre/lib/amd64/libnet.so
7f67b6837000-7f67b6a37000 rw-p 00000000 00:00 0 
7f67b6a37000-7f67b6c37000 rw-p 00000000 00:00 0 
7f67b6c37000-7f67b6c38000 ---p 00000000 00:00 0 
7f67b6c38000-7f67b6d38000 rw-p 00000000 00:00 0 
7f67b6d38000-7f67b6d3b000 ---p 00000000 00:00 0 
7f67b6d3b000-7f67b6e39000 rw-p 00000000 00:00 0 
7f67b6e39000-7f67b6e3c000 ---p 00000000 00:00 0 
7f67b6e3c000-7f67b6f3a000 rw-p 00000000 00:00 0 
7f67b6f3a000-7f67b6f3d000 ---p 00000000 00:00 0 
7f67b6f3d000-7f67b703b000 rw-p 00000000 00:00 0 
7f67b703b000-7f67b703e000 ---p 00000000 00:00 0 
7f67b703e000-7f67b713c000 rw-p 00000000 00:00 0 
7f67b713c000-7f67b7afb000 r--p 00000000 08:01 9169                       /usr/lib/locale/locale-archive
7f67b7afb000-7f67b7afe000 ---p 00000000 00:00 0 
7f67b7afe000-7f67b7bfc000 rw-p 00000000 00:00 0 
7f67b7bfc000-7f67b7bff000 ---p 00000000 00:00 0 
7f67b7bff000-7f67b7cfd000 rw-p 00000000 00:00 0 
7f67b7cfd000-7f67b7cfe000 ---p 00000000 00:00 0 
7f67b7cfe000-7f67b8000000 rw-p 00000000 00:00 0 
7f67b8000000-7f67b8021000 rw-p 00000000 00:00 0 
7f67b8021000-7f67bc000000 ---p 00000000 00:00 0 
7f67bc000000-7f67bc001000 r--s 00003000 08:01 298289                     /home/lephuc/.m2/repository/org/eclipse/tycho/tycho-bundles-external/0.20.0/eclipse/plugins/org.eclipse.ecf.ssl_1.1.0.v20130604-1622.jar
7f67bc001000-7f67bc003000 r--s 00000000 08:01 677232                     /home/lephuc/.m2/repository/org/codehaus/plexus/plexus-component-annotations/1.5.5/plexus-component-annotations-1.5.5.jar
7f67bc003000-7f67bc004000 r--s 00007000 08:01 298227                     /home/lephuc/.m2/repository/org/eclipse/tycho/tycho-p2-facade/0.20.0/tycho-p2-facade-0.20.0.jar
7f67bc004000-7f67bc006000 r--s 00006000 08:01 298225                     /home/lephuc/.m2/repository/org/eclipse/tycho/org.eclipse.tycho.core.shared/0.20.0/org.eclipse.tycho.core.shared-0.20.0.jar
7f67bc006000-7f67bc007000 r--s 00001000 08:01 298221                     /home/lephuc/.m2/repository/org/eclipse/tycho/org.eclipse.tycho.embedder.shared/0.20.0/org.eclipse.tycho.embedder.shared-0.20.0.jar
7f67bc007000-7f67bc008000 r--s 00001000 08:01 946025                     /home/lephuc/.m2/repository/org/eclipse/tycho/tycho-embedder-api/0.20.0/tycho-embedder-api-0.20.0.jar
7f67bc008000-7f67bc00b000 r--s 00019000 08:01 946023                     /home/lephuc/.m2/repository/de/pdark/decentxml/1.3/decentxml-1.3.jar
7f67bc00b000-7f67bc00d000 r--s 00006000 08:01 298222                     /home/lephuc/.m2/repository/org/eclipse/tycho/tycho-metadata-model/0.20.0/tycho-metadata-model-0.20.0.jar
7f67bc00d000-7f67bc00e000 r--s 00000000 08:01 298219                     /home/lephuc/.m2/repository/org/eclipse/tycho/sisu-equinox-api/0.20.0/sisu-equinox-api-0.20.0.jar
7f67bc00e000-7f67bc010000 r--s 00002000 08:01 298217                     /home/lephuc/.m2/repository/org/eclipse/tycho/sisu-equinox-embedder/0.20.0/sisu-equinox-embedder-0.20.0.jar
7f67bc010000-7f67bc024000 r--s 00140000 08:01 298215                     /home/lephuc/.m2/repository/org/eclipse/tycho/org.eclipse.osgi/3.9.1.v20130814-1242/org.eclipse.osgi-3.9.1.v20130814-1242.jar
7f67bc024000-7f67bc027000 r--s 0000c000 08:01 677230                     /home/lephuc/.m2/repository/org/codehaus/plexus/plexus-io/2.0.5/plexus-io-2.0.5.jar
7f67bc027000-7f67bc02c000 r--s 00029000 08:01 677228                     /home/lephuc/.m2/repository/org/codehaus/plexus/plexus-archiver/2.2/plexus-archiver-2.2.jar
7f67bc02c000-7f67bc030000 r--s 00035000 08:01 677223                     /home/lephuc/.m2/repository/org/codehaus/plexus/plexus-utils/3.0.7/plexus-utils-3.0.7.jar
7f67bc030000-7f67bc032000 r--s 00002000 08:01 836515                     /home/lephuc/.m2/repository/org/sonatype/plexus/plexus-cipher/1.7/plexus-cipher-1.7.jar
7f67bc032000-7f67bc033000 r--s 00006000 08:01 1059379                    /home/lephuc/.m2/repository/org/sonatype/plexus/plexus-sec-dispatcher/1.3/plexus-sec-dispatcher-1.3.jar
7f67bc033000-7f67bc035000 r--s 0000d000 08:01 677222                     /home/lephuc/.m2/repository/org/codehaus/plexus/plexus-interpolation/1.14/plexus-interpolation-1.14.jar
7f67bc035000-7f67bc040000 r--s 00069000 08:01 1059376                    /home/lephuc/.m2/repository/org/sonatype/sisu/sisu-guice/2.1.7/sisu-guice-2.1.7-noaop.jar
7f67bc040000-7f67bc045000 r--s 00021000 08:01 1059374                    /home/lephuc/.m2/repository/org/sonatype/sisu/sisu-inject-bean/1.4.2/sisu-inject-bean-1.4.2.jar
7f67bc045000-7f67bc049000 r--s 00017000 08:01 836514                     /home/lephuc/.m2/repository/org/sonatype/aether/aether-util/1.7/aether-util-1.7.jar
7f67bc049000-7f67bc04e000 r--s 00028000 08:01 298201                     /home/lephuc/.m2/repository/org/eclipse/tycho/tycho-core/0.20.0/tycho-core-0.20.0.jar
7f67bc04e000-7f67bc050000 r--s 00000000 08:01 298199                     /home/lephuc/.m2/repository/org/eclipse/tycho/tycho-maven-plugin/0.20.0/tycho-maven-plugin-0.20.0.jar
7f67bc050000-7f67bc055000 r--s 0009d000 08:01 2030                       /usr/lib/jvm/java-8-openjdk-amd64/jre/lib/jsse.jar
7f67bc055000-7f67bc056000 r--s 00002000 07:01 1181                       /snap/eclipse/12/plugins/org.eclipse.m2e.maven.runtime.slf4j.simple_1.8.3.20180227-2135/jars/slf4j-simple-1.7.5.jar
7f67bc056000-7f67bc05b000 r--s 00041000 07:01 1204                       /snap/eclipse/12/plugins/org.eclipse.m2e.maven.runtime_1.8.3.20180227-2135/jars/commons-lang-2.6.jar
7f67bc05b000-7f67bc05c000 r--s 00002000 07:01 1232                       /snap/eclipse/12/plugins/org.eclipse.m2e.maven.runtime_1.8.3.20180227-2135/jars/wagon-file-2.10.jar
7f67bc05c000-7f67bc05e000 r--s 00005000 07:01 1200                       /snap/eclipse/12/plugins/org.eclipse.m2e.maven.runtime_1.8.3.20180227-2135/jars/aether-transport-wagon-1.0.2.v20150114.jar
7f67bc05e000-7f67bc05f000 r--s 00008000 07:01 1196                       /snap/eclipse/12/plugins/org.eclipse.m2e.maven.runtime_1.8.3.20180227-2135/jars/aether-connector-basic-1.0.2.v20150114.jar
7f67bc05f000-7f67bc061000 r--s 00012000 07:01 1222                       /snap/eclipse/12/plugins/org.eclipse.m2e.maven.runtime_1.8.3.20180227-2135/jars/okio-1.12.0.jar
7f67bc061000-7f67bc067000 r--s 0005b000 07:01 1221                       /snap/eclipse/12/plugins/org.eclipse.m2e.maven.runtime_1.8.3.20180227-2135/jars/okhttp-3.7.0.jar
7f67bc067000-7f67bc069000 r--s 0000b000 07:01 1197                       /snap/eclipse/12/plugins/org.eclipse.m2e.maven.runtime_1.8.3.20180227-2135/jars/aether-connector-okhttp-0.17.3.jar
7f67bc069000-7f67bc06b000 r--s 00006000 07:01 1199                       /snap/eclipse/12/plugins/org.eclipse.m2e.maven.runtime_1.8.3.20180227-2135/jars/aether-spi-1.0.2.v20150114.jar
7f67bc06b000-7f67bc06f000 r--s 00027000 07:01 1198                       /snap/eclipse/12/plugins/org.eclipse.m2e.maven.runtime_1.8.3.20180227-2135/jars/aether-impl-1.0.2.v20150114.jar
7f67bc06f000-7f67bc09a000 r--s 001fc000 07:01 1206                       /snap/eclipse/12/plugins/org.eclipse.m2e.maven.runtime_1.8.3.20180227-2135/jars/guava-18.0.jar
7f67bc09a000-7f67bc0a2000 r--s 00055000 07:01 1223                       /snap/eclipse/12/plugins/org.eclipse.m2e.maven.runtime_1.8.3.20180227-2135/jars/org.eclipse.sisu.inject-0.3.2.jar
7f67bc0a2000-7f67bc0a3000 r--s 00001000 07:01 1208                       /snap/eclipse/12/plugins/org.eclipse.m2e.maven.runtime_1.8.3.20180227-2135/jars/jsr250-api-1.0.jar
7f67bc0a3000-7f67bc0a6000 r--s 00008000 07:01 1202                       /snap/eclipse/12/plugins/org.eclipse.m2e.maven.runtime_1.8.3.20180227-2135/jars/cdi-api-1.0.jar
7f67bc0a6000-7f67bc0ac000 r--s 0002d000 07:01 1224                       /snap/eclipse/12/plugins/org.eclipse.m2e.maven.runtime_1.8.3.20180227-2135/jars/org.eclipse.sisu.plexus-0.3.2.jar
7f67bc0ac000-7f67bc0af000 r--s 0000b000 07:01 1233                       /snap/eclipse/12/plugins/org.eclipse.m2e.maven.runtime_1.8.3.20180227-2135/jars/wagon-provider-api-2.10.jar
7f67bc0af000-7f67bc0b5000 r--s 00041000 07:01 1212                       /snap/eclipse/12/plugins/org.eclipse.m2e.maven.runtime_1.8.3.20180227-2135/jars/maven-compat-3.3.9.jar
7f67bc0b5000-7f67bc0b7000 r--s 00009000 07:01 1203                       /snap/eclipse/12/plugins/org.eclipse.m2e.maven.runtime_1.8.3.20180227-2135/jars/commons-cli-1.2.jar
7f67bc0b7000-7f67bc0b9000 r--s 00002000 07:01 1226                       /snap/eclipse/12/plugins/org.eclipse.m2e.maven.runtime_1.8.3.20180227-2135/jars/plexus-cipher-1.7.jar
7f67bc0b9000-7f67bc0bc000 r--s 00013000 07:01 1214                       /snap/eclipse/12/plugins/org.eclipse.m2e.maven.runtime_1.8.3.20180227-2135/jars/maven-embedder-3.3.9.jar
7f67bc0bc000-7f67bc0c3000 r--s 00064000 07:01 1205                       /snap/eclipse/12/plugins/org.eclipse.m2e.maven.runtime_1.8.3.20180227-2135/jars/commons-lang3-3.4.jar
7f67bc0c3000-7f67bc0c4000 r--s 00006000 07:01 1230                       /snap/eclipse/12/plugins/org.eclipse.m2e.maven.runtime_1.8.3.20180227-2135/jars/plexus-sec-dispatcher-1.3.jar
7f67bc0c4000-7f67bc0c6000 r--s 00000000 07:01 1228                       /snap/eclipse/12/plugins/org.eclipse.m2e.maven.runtime_1.8.3.20180227-2135/jars/plexus-component-annotations-1.6.jar
7f67bc0c6000-7f67bc0ca000 r--s 00038000 07:01 1231                       /snap/eclipse/12/plugins/org.eclipse.m2e.maven.runtime_1.8.3.20180227-2135/jars/plexus-utils-3.0.22.jar
7f67bc0ca000-7f67bc0cd000 r--s 0000d000 07:01 1229                       /snap/eclipse/12/plugins/org.eclipse.m2e.maven.runtime_1.8.3.20180227-2135/jars/plexus-interpolation-1.21.jar
7f67bc0cd000-7f67bc0d6000 r--s 0005f000 07:01 1207                       /snap/eclipse/12/plugins/org.eclipse.m2e.maven.runtime_1.8.3.20180227-2135/jars/guice-4.0-no_aop.jar
7f67bc0d6000-7f67bc0da000 r--s 00020000 07:01 1201                       /snap/eclipse/12/plugins/org.eclipse.m2e.maven.runtime_1.8.3.20180227-2135/jars/aether-util-1.0.2.v20150114.jar
7f67bc0da000-7f67bc0df000 r--s 0001d000 07:01 1195                       /snap/eclipse/12/plugins/org.eclipse.m2e.maven.runtime_1.8.3.20180227-2135/jars/aether-api-1.0.2.v20150114.jar
7f67bc0df000-7f67bc0e1000 r--s 0000f000 07:01 1209                       /snap/eclipse/12/plugins/org.eclipse.m2e.maven.runtime_1.8.3.20180227-2135/jars/maven-aether-provider-3.3.9.jar
7f67bc0e1000-7f67bc0e6000 r--s 00027000 07:01 1216                       /snap/eclipse/12/plugins/org.eclipse.m2e.maven.runtime_1.8.3.20180227-2135/jars/maven-model-builder-3.3.9.jar
7f67bc0e6000-7f67bc0e8000 r--s 0000a000 07:01 1217                       /snap/eclipse/12/plugins/org.eclipse.m2e.maven.runtime_1.8.3.20180227-2135/jars/maven-plugin-api-3.3.9.jar
7f67bc0e8000-7f67bc0ea000 r--s 0000c000 07:01 1210                       /snap/eclipse/12/plugins/org.eclipse.m2e.maven.runtime_1.8.3.20180227-2135/jars/maven-artifact-3.3.9.jar
7f67bc0ea000-7f67bc0ec000 r--s 00009000 07:01 1220                       /snap/eclipse/12/plugins/org.eclipse.m2e.maven.runtime_1.8.3.20180227-2135/jars/maven-settings-builder-3.3.9.jar
7f67bc0ec000-7f67bc0f9000 r--s 0008f000 07:01 1213                       /snap/eclipse/12/plugins/org.eclipse.m2e.maven.runtime_1.8.3.20180227-2135/jars/maven-core-3.3.9.jar
7f67bc0f9000-7f67bd000000 rw-p 00000000 00:00 0 
7f67bd000000-7f67bdd10000 rwxp 00000000 00:00 0 
7f67bdd10000-7f67cc000000 ---p 00000000 00:00 0 
7f67cc000000-7f67cd459000 rw-p 00000000 00:00 0 
7f67cd459000-7f67d0000000 ---p 00000000 00:00 0 
7f67d0000000-7f67d0001000 r--s 00006000 07:01 1218                       /snap/eclipse/12/plugins/org.eclipse.m2e.maven.runtime_1.8.3.20180227-2135/jars/maven-repository-metadata-3.3.9.jar
7f67d0001000-7f67d0004000 r--s 00026000 07:01 1215                       /snap/eclipse/12/plugins/org.eclipse.m2e.maven.runtime_1.8.3.20180227-2135/jars/maven-model-3.3.9.jar
7f67d0004000-7f67d0006000 r--s 0000b000 07:01 1227                       /snap/eclipse/12/plugins/org.eclipse.m2e.maven.runtime_1.8.3.20180227-2135/jars/plexus-classworlds-2.5.2.jar
7f67d0006000-7f67d0021000 r--s 001d6000 08:01 399149                     /usr/lib/jvm/java-8-openjdk-amd64/jre/lib/ext/nashorn.jar
7f67d0021000-7f67d003c000 r--s 00394000 08:01 399091                     /usr/lib/jvm/java-8-openjdk-amd64/jre/lib/ext/cldrdata.jar
7f67d003c000-7f67d003f000 r--s 00038000 08:01 398877                     /usr/lib/jvm/java-8-openjdk-amd64/jre/lib/ext/sunpkcs11.jar
7f67d003f000-7f67d0041000 r--s 00008000 08:01 399056                     /usr/lib/jvm/java-8-openjdk-amd64/jre/lib/ext/sunec.jar
7f67d0041000-7f67d00f2000 rw-p 00000000 00:00 0 
7f67d00f2000-7f67d02c0000 r--s 03c2c000 08:01 2029                       /usr/lib/jvm/java-8-openjdk-amd64/jre/lib/rt.jar
7f67d02c0000-7f67d13f8000 rw-p 00000000 00:00 0 
7f67d13f8000-7f67d13f9000 ---p 00000000 00:00 0 
7f67d13f9000-7f67d14f9000 rw-p 00000000 00:00 0 
7f67d14f9000-7f67d14fa000 ---p 00000000 00:00 0 
7f67d14fa000-7f67d1615000 rw-p 00000000 00:00 0 
7f67d1615000-7f67d169e000 ---p 00000000 00:00 0 
7f67d169e000-7f67d16f1000 rw-p 00000000 00:00 0 
7f67d16f1000-7f67d1727000 rw-p 00000000 00:00 0 
7f67d1727000-7f67d1ab2000 ---p 00000000 00:00 0 
7f67d1ab2000-7f67d1aba000 r-xp 00000000 08:01 1058922                    /usr/lib/jvm/java-8-openjdk-amd64/jre/lib/amd64/libzip.so
7f67d1aba000-7f67d1cb9000 ---p 00008000 08:01 1058922                    /usr/lib/jvm/java-8-openjdk-amd64/jre/lib/amd64/libzip.so
7f67d1cb9000-7f67d1cba000 r--p 00007000 08:01 1058922                    /usr/lib/jvm/java-8-openjdk-amd64/jre/lib/amd64/libzip.so
7f67d1cba000-7f67d1cbb000 rw-p 00008000 08:01 1058922                    /usr/lib/jvm/java-8-openjdk-amd64/jre/lib/amd64/libzip.so
7f67d1cbb000-7f67d1cc6000 r-xp 00000000 08:01 399208                     /lib/x86_64-linux-gnu/libnss_files-2.23.so
7f67d1cc6000-7f67d1ec5000 ---p 0000b000 08:01 399208                     /lib/x86_64-linux-gnu/libnss_files-2.23.so
7f67d1ec5000-7f67d1ec6000 r--p 0000a000 08:01 399208                     /lib/x86_64-linux-gnu/libnss_files-2.23.so
7f67d1ec6000-7f67d1ec7000 rw-p 0000b000 08:01 399208                     /lib/x86_64-linux-gnu/libnss_files-2.23.so
7f67d1ec7000-7f67d1ecd000 rw-p 00000000 00:00 0 
7f67d1ecd000-7f67d1ed8000 r-xp 00000000 08:01 399218                     /lib/x86_64-linux-gnu/libnss_nis-2.23.so
7f67d1ed8000-7f67d20d7000 ---p 0000b000 08:01 399218                     /lib/x86_64-linux-gnu/libnss_nis-2.23.so
7f67d20d7000-7f67d20d8000 r--p 0000a000 08:01 399218                     /lib/x86_64-linux-gnu/libnss_nis-2.23.so
7f67d20d8000-7f67d20d9000 rw-p 0000b000 08:01 399218                     /lib/x86_64-linux-gnu/libnss_nis-2.23.so
7f67d20d9000-7f67d20ef000 r-xp 00000000 08:01 399202                     /lib/x86_64-linux-gnu/libnsl-2.23.so
7f67d20ef000-7f67d22ee000 ---p 00016000 08:01 399202                     /lib/x86_64-linux-gnu/libnsl-2.23.so
7f67d22ee000-7f67d22ef000 r--p 00015000 08:01 399202                     /lib/x86_64-linux-gnu/libnsl-2.23.so
7f67d22ef000-7f67d22f0000 rw-p 00016000 08:01 399202                     /lib/x86_64-linux-gnu/libnsl-2.23.so
7f67d22f0000-7f67d22f2000 rw-p 00000000 00:00 0 
7f67d22f2000-7f67d22fa000 r-xp 00000000 08:01 399204                     /lib/x86_64-linux-gnu/libnss_compat-2.23.so
7f67d22fa000-7f67d24f9000 ---p 00008000 08:01 399204                     /lib/x86_64-linux-gnu/libnss_compat-2.23.so
7f67d24f9000-7f67d24fa000 r--p 00007000 08:01 399204                     /lib/x86_64-linux-gnu/libnss_compat-2.23.so
7f67d24fa000-7f67d24fb000 rw-p 00008000 08:01 399204                     /lib/x86_64-linux-gnu/libnss_compat-2.23.so
7f67d24fb000-7f67d2528000 r-xp 00000000 08:01 1058925                    /usr/lib/jvm/java-8-openjdk-amd64/jre/lib/amd64/libjava.so
7f67d2528000-7f67d2727000 ---p 0002d000 08:01 1058925                    /usr/lib/jvm/java-8-openjdk-amd64/jre/lib/amd64/libjava.so
7f67d2727000-7f67d2728000 r--p 0002c000 08:01 1058925                    /usr/lib/jvm/java-8-openjdk-amd64/jre/lib/amd64/libjava.so
7f67d2728000-7f67d272a000 rw-p 0002d000 08:01 1058925                    /usr/lib/jvm/java-8-openjdk-amd64/jre/lib/amd64/libjava.so
7f67d272a000-7f67d2739000 r-xp 00000000 08:01 1058935                    /usr/lib/jvm/java-8-openjdk-amd64/jre/lib/amd64/libverify.so
7f67d2739000-7f67d2938000 ---p 0000f000 08:01 1058935                    /usr/lib/jvm/java-8-openjdk-amd64/jre/lib/amd64/libverify.so
7f67d2938000-7f67d293a000 r--p 0000e000 08:01 1058935                    /usr/lib/jvm/java-8-openjdk-amd64/jre/lib/amd64/libverify.so
7f67d293a000-7f67d293b000 rw-p 00010000 08:01 1058935                    /usr/lib/jvm/java-8-openjdk-amd64/jre/lib/amd64/libverify.so
7f67d293b000-7f67d2942000 r-xp 00000000 08:01 399263                     /lib/x86_64-linux-gnu/librt-2.23.so
7f67d2942000-7f67d2b41000 ---p 00007000 08:01 399263                     /lib/x86_64-linux-gnu/librt-2.23.so
7f67d2b41000-7f67d2b42000 r--p 00006000 08:01 399263                     /lib/x86_64-linux-gnu/librt-2.23.so
7f67d2b42000-7f67d2b43000 rw-p 00007000 08:01 399263                     /lib/x86_64-linux-gnu/librt-2.23.so
7f67d2b43000-7f67d2b59000 r-xp 00000000 08:01 399147                     /lib/x86_64-linux-gnu/libgcc_s.so.1
7f67d2b59000-7f67d2d58000 ---p 00016000 08:01 399147                     /lib/x86_64-linux-gnu/libgcc_s.so.1
7f67d2d58000-7f67d2d59000 rw-p 00015000 08:01 399147                     /lib/x86_64-linux-gnu/libgcc_s.so.1
7f67d2d59000-7f67d2e61000 r-xp 00000000 08:01 399179                     /lib/x86_64-linux-gnu/libm-2.23.so
7f67d2e61000-7f67d3060000 ---p 00108000 08:01 399179                     /lib/x86_64-linux-gnu/libm-2.23.so
7f67d3060000-7f67d3061000 r--p 00107000 08:01 399179                     /lib/x86_64-linux-gnu/libm-2.23.so
7f67d3061000-7f67d3062000 rw-p 00108000 08:01 399179                     /lib/x86_64-linux-gnu/libm-2.23.so
7f67d3062000-7f67d31d4000 r-xp 00000000 08:01 12320                      /usr/lib/x86_64-linux-gnu/libstdc++.so.6.0.21
7f67d31d4000-7f67d33d4000 ---p 00172000 08:01 12320                      /usr/lib/x86_64-linux-gnu/libstdc++.so.6.0.21
7f67d33d4000-7f67d33de000 r--p 00172000 08:01 12320                      /usr/lib/x86_64-linux-gnu/libstdc++.so.6.0.21
7f67d33de000-7f67d33e0000 rw-p 0017c000 08:01 12320                      /usr/lib/x86_64-linux-gnu/libstdc++.so.6.0.21
7f67d33e0000-7f67d33e4000 rw-p 00000000 00:00 0 
7f67d33e4000-7f67d403c000 r-xp 00000000 08:01 1058920                    /usr/lib/jvm/java-8-openjdk-amd64/jre/lib/amd64/server/libjvm.so
7f67d403c000-7f67d423c000 ---p 00c58000 08:01 1058920                    /usr/lib/jvm/java-8-openjdk-amd64/jre/lib/amd64/server/libjvm.so
7f67d423c000-7f67d42cf000 r--p 00c58000 08:01 1058920                    /usr/lib/jvm/java-8-openjdk-amd64/jre/lib/amd64/server/libjvm.so
7f67d42cf000-7f67d42f8000 rw-p 00ceb000 08:01 1058920                    /usr/lib/jvm/java-8-openjdk-amd64/jre/lib/amd64/server/libjvm.so
7f67d42f8000-7f67d4328000 rw-p 00000000 00:00 0 
7f67d4328000-7f67d4340000 r-xp 00000000 08:01 399255                     /lib/x86_64-linux-gnu/libpthread-2.23.so
7f67d4340000-7f67d453f000 ---p 00018000 08:01 399255                     /lib/x86_64-linux-gnu/libpthread-2.23.so
7f67d453f000-7f67d4540000 r--p 00017000 08:01 399255                     /lib/x86_64-linux-gnu/libpthread-2.23.so
7f67d4540000-7f67d4541000 rw-p 00018000 08:01 399255                     /lib/x86_64-linux-gnu/libpthread-2.23.so
7f67d4541000-7f67d4545000 rw-p 00000000 00:00 0 
7f67d4545000-7f67d4548000 r-xp 00000000 08:01 399133                     /lib/x86_64-linux-gnu/libdl-2.23.so
7f67d4548000-7f67d4747000 ---p 00003000 08:01 399133                     /lib/x86_64-linux-gnu/libdl-2.23.so
7f67d4747000-7f67d4748000 r--p 00002000 08:01 399133                     /lib/x86_64-linux-gnu/libdl-2.23.so
7f67d4748000-7f67d4749000 rw-p 00003000 08:01 399133                     /lib/x86_64-linux-gnu/libdl-2.23.so
7f67d4749000-7f67d4762000 r-xp 00000000 08:01 399300                     /lib/x86_64-linux-gnu/libz.so.1.2.8
7f67d4762000-7f67d4961000 ---p 00019000 08:01 399300                     /lib/x86_64-linux-gnu/libz.so.1.2.8
7f67d4961000-7f67d4962000 r--p 00018000 08:01 399300                     /lib/x86_64-linux-gnu/libz.so.1.2.8
7f67d4962000-7f67d4963000 rw-p 00019000 08:01 399300                     /lib/x86_64-linux-gnu/libz.so.1.2.8
7f67d4963000-7f67d4b23000 r-xp 00000000 08:01 399109                     /lib/x86_64-linux-gnu/libc-2.23.so
7f67d4b23000-7f67d4d23000 ---p 001c0000 08:01 399109                     /lib/x86_64-linux-gnu/libc-2.23.so
7f67d4d23000-7f67d4d27000 r--p 001c0000 08:01 399109                     /lib/x86_64-linux-gnu/libc-2.23.so
7f67d4d27000-7f67d4d29000 rw-p 001c4000 08:01 399109                     /lib/x86_64-linux-gnu/libc-2.23.so
7f67d4d29000-7f67d4d2d000 rw-p 00000000 00:00 0 
7f67d4d2d000-7f67d4d3a000 r-xp 00000000 08:01 1058931                    /usr/lib/jvm/java-8-openjdk-amd64/jre/lib/amd64/jli/libjli.so
7f67d4d3a000-7f67d4f3a000 ---p 0000d000 08:01 1058931                    /usr/lib/jvm/java-8-openjdk-amd64/jre/lib/amd64/jli/libjli.so
7f67d4f3a000-7f67d4f3b000 r--p 0000d000 08:01 1058931                    /usr/lib/jvm/java-8-openjdk-amd64/jre/lib/amd64/jli/libjli.so
7f67d4f3b000-7f67d4f3c000 rw-p 0000e000 08:01 1058931                    /usr/lib/jvm/java-8-openjdk-amd64/jre/lib/amd64/jli/libjli.so
7f67d4f3c000-7f67d4f62000 r-xp 00000000 08:01 399081                     /lib/x86_64-linux-gnu/ld-2.23.so
7f67d4f62000-7f67d4f63000 r--s 00003000 07:01 1211                       /snap/eclipse/12/plugins/org.eclipse.m2e.maven.runtime_1.8.3.20180227-2135/jars/maven-builder-support-3.3.9.jar
7f67d4f63000-7f67d4f6d000 r--s 00116000 08:01 398943                     /usr/lib/jvm/java-8-openjdk-amd64/jre/lib/ext/localedata.jar
7f67d4f6d000-7f67d4f6f000 r--s 00001000 08:01 399090                     /usr/lib/jvm/java-8-openjdk-amd64/jre/lib/ext/dnsns.jar
7f67d4f6f000-7f67d4f74000 r--s 0003b000 08:01 398988                     /usr/lib/jvm/java-8-openjdk-amd64/jre/lib/ext/sunjce_provider.jar
7f67d4f74000-7f67d4f77000 r--s 0000f000 08:01 398986                     /usr/lib/jvm/java-8-openjdk-amd64/jre/lib/ext/icedtea-sound.jar
7f67d4f77000-7f67d4fba000 rw-p 00000000 00:00 0 
7f67d4fba000-7f67d5044000 ---p 00000000 00:00 0 
7f67d5044000-7f67d5047000 ---p 00000000 00:00 0 
7f67d5047000-7f67d5149000 rw-p 00000000 00:00 0 
7f67d5149000-7f67d514a000 r--s 0000a000 07:01 1219                       /snap/eclipse/12/plugins/org.eclipse.m2e.maven.runtime_1.8.3.20180227-2135/jars/maven-settings-3.3.9.jar
7f67d514a000-7f67d514b000 r--s 00010000 08:01 399121                     /usr/lib/jvm/java-8-openjdk-amd64/jre/lib/ext/zipfs.jar
7f67d514b000-7f67d514c000 r--s 0000a000 08:01 399051                     /usr/lib/jvm/java-8-openjdk-amd64/jre/lib/ext/jaccess.jar
7f67d514c000-7f67d5156000 rw-p 00000000 00:00 0 
7f67d5156000-7f67d515e000 rw-s 00000000 08:01 678457                     /tmp/hsperfdata_lephuc/5503
7f67d515e000-7f67d515f000 rw-p 00000000 00:00 0 
7f67d515f000-7f67d5160000 ---p 00000000 00:00 0 
7f67d5160000-7f67d5161000 rw-p 00000000 00:00 0 
7f67d5161000-7f67d5162000 r--p 00025000 08:01 399081                     /lib/x86_64-linux-gnu/ld-2.23.so
7f67d5162000-7f67d5163000 rw-p 00026000 08:01 399081                     /lib/x86_64-linux-gnu/ld-2.23.so
7f67d5163000-7f67d5164000 rw-p 00000000 00:00 0 
7fff84d2b000-7fff84d4c000 rw-p 00000000 00:00 0                          [stack]
7fff84dd1000-7fff84dd4000 r--p 00000000 00:00 0                          [vvar]
7fff84dd4000-7fff84dd6000 r-xp 00000000 00:00 0                          [vdso]
ffffffffff600000-ffffffffff601000 r-xp 00000000 00:00 0                  [vsyscall]

VM Arguments:
jvm_args: -Dmaven.home=EMBEDDED -Dclassworlds.conf=/home/lephuc/eclipse-workspace/.metadata/.plugins/org.eclipse.m2e.launching/launches/m2conf3723790304363166868.tmp -Dmaven.multiModuleProjectDirectory=/home/lephuc/git/org.eclipse.om2m/org.eclipse.om2m.ipe.sample -Dfile.encoding=UTF-8 
java_command: org.codehaus.plexus.classworlds.launcher.Launcher -B install
java_class_path (initial): /snap/eclipse/12/plugins/org.eclipse.m2e.maven.runtime_1.8.3.20180227-2135/jars/plexus-classworlds-2.5.2.jar
Launcher Type: SUN_STANDARD

Environment Variables:
PATH=/home/lephuc/bin:/home/lephuc/.local/bin:/usr/local/sbin:/usr/local/bin:/usr/sbin:/usr/bin:/sbin:/bin:/usr/games:/usr/local/games:/snap/bin
SHELL=/bin/bash
DISPLAY=:0

Signal Handlers:
SIGSEGV: [libjvm.so+0xa6dcc0], sa_mask[0]=11111111011111111101111111111110, sa_flags=SA_RESTART|SA_SIGINFO
SIGBUS: [libjvm.so+0xa6dcc0], sa_mask[0]=11111111011111111101111111111110, sa_flags=SA_RESTART|SA_SIGINFO
SIGFPE: [libjvm.so+0x8b5350], sa_mask[0]=11111111011111111101111111111110, sa_flags=SA_RESTART|SA_SIGINFO
SIGPIPE: [libjvm.so+0x8b5350], sa_mask[0]=11111111011111111101111111111110, sa_flags=SA_RESTART|SA_SIGINFO
SIGXFSZ: [libjvm.so+0x8b5350], sa_mask[0]=11111111011111111101111111111110, sa_flags=SA_RESTART|SA_SIGINFO
SIGILL: [libjvm.so+0x8b5350], sa_mask[0]=11111111011111111101111111111110, sa_flags=SA_RESTART|SA_SIGINFO
SIGUSR1: SIG_DFL, sa_mask[0]=00000000000000000000000000000000, sa_flags=none
SIGUSR2: [libjvm.so+0x8b5200], sa_mask[0]=00100000000000000000000000000000, sa_flags=SA_RESTART|SA_SIGINFO
SIGHUP: [libjvm.so+0x8b56d0], sa_mask[0]=11111111011111111101111111111110, sa_flags=SA_RESTART|SA_SIGINFO
SIGINT: [libjvm.so+0x8b56d0], sa_mask[0]=11111111011111111101111111111110, sa_flags=SA_RESTART|SA_SIGINFO
SIGTERM: [libjvm.so+0x8b56d0], sa_mask[0]=11111111011111111101111111111110, sa_flags=SA_RESTART|SA_SIGINFO
SIGQUIT: [libjvm.so+0x8b56d0], sa_mask[0]=11111111011111111101111111111110, sa_flags=SA_RESTART|SA_SIGINFO


---------------  S Y S T E M  ---------------

OS:DISTRIB_ID=Ubuntu
DISTRIB_RELEASE=16.04
DISTRIB_CODENAME=xenial
DISTRIB_DESCRIPTION="Ubuntu 16.04.4 LTS"

uname:Linux 4.13.0-38-generic #43~16.04.1-Ubuntu SMP Wed Mar 14 17:48:43 UTC 2018 x86_64
libc:glibc 2.23 NPTL 2.23 
rlimit: STACK 8192k, CORE 0k, NPROC 7677, NOFILE 1048576, AS infinity
load average:1.62 0.97 0.62

/proc/meminfo:
MemTotal:        2018080 kB
MemFree:           67744 kB
MemAvailable:      12272 kB
Buffers:             520 kB
Cached:            12020 kB
SwapCached:         1440 kB
Active:          1132468 kB
Inactive:         382012 kB
Active(anon):    1126768 kB
Inactive(anon):   376420 kB
Active(file):       5700 kB
Inactive(file):     5592 kB
Unevictable:          80 kB
Mlocked:              80 kB
SwapTotal:       1046524 kB
SwapFree:              8 kB
Dirty:                92 kB
Writeback:             0 kB
AnonPages:       1500884 kB
Mapped:            10356 kB
Shmem:              1036 kB
Slab:              80552 kB
SReclaimable:      28128 kB
SUnreclaim:        52424 kB
KernelStack:       13808 kB
PageTables:        41452 kB
NFS_Unstable:          0 kB
Bounce:                0 kB
WritebackTmp:          0 kB
CommitLimit:     2055564 kB
Committed_AS:    7156464 kB
VmallocTotal:   34359738367 kB
VmallocUsed:           0 kB
VmallocChunk:          0 kB
HardwareCorrupted:     0 kB
AnonHugePages:         0 kB
ShmemHugePages:        0 kB
ShmemPmdMapped:        0 kB
CmaTotal:              0 kB
CmaFree:               0 kB
HugePages_Total:       0
HugePages_Free:        0
HugePages_Rsvd:        0
HugePages_Surp:        0
Hugepagesize:       2048 kB
DirectMap4k:      106368 kB
DirectMap2M:     1990656 kB
DirectMap1G:           0 kB


CPU:total 2 (initial active 2) (1 cores per cpu, 1 threads per core) family 6 model 69 stepping 1, cmov, cx8, fxsr, mmx, sse, sse2, sse3, ssse3, sse4.1, sse4.2, popcnt, avx, avx2, aes, clmul, erms, lzcnt, tsc, tscinvbit, bmi1, bmi2

/proc/cpuinfo:
processor	: 0
vendor_id	: GenuineIntel
cpu family	: 6
model		: 69
model name	: Intel(R) Core(TM) i7-4578U CPU @ 3.00GHz
stepping	: 1
microcode	: 0x23
cpu MHz		: 2999.736
cache size	: 4096 KB
physical id	: 0
siblings	: 1
core id		: 0
cpu cores	: 1
apicid		: 0
initial apicid	: 0
fpu		: yes
fpu_exception	: yes
cpuid level	: 13
wp		: yes
flags		: fpu vme de pse tsc msr pae mce cx8 apic sep mtrr pge mca cmov pat pse36 clflush mmx fxsr sse sse2 ss syscall nx pdpe1gb rdtscp lm constant_tsc arch_perfmon nopl xtopology tsc_reliable nonstop_tsc cpuid pni pclmulqdq ssse3 fma cx16 pcid sse4_1 sse4_2 x2apic movbe popcnt tsc_deadline_timer aes xsave avx f16c rdrand hypervisor lahf_lm abm cpuid_fault invpcid_single pti retpoline fsgsbase tsc_adjust bmi1 avx2 smep bmi2 invpcid xsaveopt arat
bugs		: cpu_meltdown spectre_v1 spectre_v2
bogomips	: 5999.47
clflush size	: 64
cache_alignment	: 64
address sizes	: 43 bits physical, 48 bits virtual
power management:

processor	: 1
vendor_id	: GenuineIntel
cpu family	: 6
model		: 69
model name	: Intel(R) Core(TM) i7-4578U CPU @ 3.00GHz
stepping	: 1
microcode	: 0x23
cpu MHz		: 2999.736
cache size	: 4096 KB
physical id	: 2
siblings	: 1
core id		: 0
cpu cores	: 1
apicid		: 2
initial apicid	: 2
fpu		: yes
fpu_exception	: yes
cpuid level	: 13
wp		: yes
flags		: fpu vme de pse tsc msr pae mce cx8 apic sep mtrr pge mca cmov pat pse36 clflush mmx fxsr sse sse2 ss syscall nx pdpe1gb rdtscp lm constant_tsc arch_perfmon nopl xtopology tsc_reliable nonstop_tsc cpuid pni pclmulqdq ssse3 fma cx16 pcid sse4_1 sse4_2 x2apic movbe popcnt tsc_deadline_timer aes xsave avx f16c rdrand hypervisor lahf_lm abm cpuid_fault invpcid_single pti retpoline fsgsbase tsc_adjust bmi1 avx2 smep bmi2 invpcid xsaveopt arat
bugs		: cpu_meltdown spectre_v1 spectre_v2
bogomips	: 5999.47
clflush size	: 64
cache_alignment	: 64
address sizes	: 43 bits physical, 48 bits virtual
power management:



Memory: 4k page, physical 2018080k(67744k free), swap 1046524k(0k free)

vm_info: OpenJDK 64-Bit Server VM (25.162-b12) for linux-amd64 JRE (1.8.0_162-8u162-b12-0ubuntu0.16.04.2-b12), built on Mar 14 2018 12:11:18 by "buildd" with gcc 5.4.0 20160609

time: Mon Apr 23 04:07:47 2018
elapsed time: 24 seconds (0d 0h 0m 24s)

